2014-07-29 21:46:37,449 ERROR [Worker-2] - System.err - SLF4J: Failed to load class "org.slf4j.impl.StaticLoggerBinder".
2014-07-29 21:46:37,450 ERROR [Worker-2] - System.err - SLF4J: Defaulting to no-operation (NOP) logger implementation
2014-07-29 21:46:37,450 ERROR [Worker-2] - System.err - SLF4J: See http://www.slf4j.org/codes.html#StaticLoggerBinder for further details.
2014-07-29 23:13:51,088 ERROR [Worker-6] - System.err - SLF4J: Failed to load class "org.slf4j.impl.StaticLoggerBinder".
2014-07-29 23:13:51,090 ERROR [Worker-6] - System.err - SLF4J: Defaulting to no-operation (NOP) logger implementation
2014-07-29 23:13:51,090 ERROR [Worker-6] - System.err - SLF4J: See http://www.slf4j.org/codes.html#StaticLoggerBinder for further details.
2014-07-30 19:08:20,641 ERROR [main] - org.scala-ide.sdt.core - org.scala-ide.sdt.core - org.scala-ide.sdt.core - 0 - Error during askOption
scala.reflect.internal.MissingRequirementError: class com.pommert.jedidiah.bouncecraft.fmp.logic.BCPartLogic.Index in compiler mirror not found.
	at scala.reflect.internal.MissingRequirementError$.signal(MissingRequirementError.scala:17)
	at scala.reflect.internal.MissingRequirementError$.notFound(MissingRequirementError.scala:18)
	at scala.reflect.internal.Mirrors$RootsBase.getModuleOrClass(Mirrors.scala:53)
	at scala.reflect.internal.Mirrors$RootsBase.getModuleOrClass(Mirrors.scala:66)
	at scala.reflect.internal.Mirrors$RootsBase.getClassByName(Mirrors.scala:102)
	at scala.tools.eclipse.completion.ScalaJavaCompletionProposalComputer$$anonfun$1$$anonfun$apply$1.apply(ScalaJavaCompletionProposalComputer.scala:122)
	at scala.tools.eclipse.completion.ScalaJavaCompletionProposalComputer$$anonfun$1$$anonfun$apply$1.apply(ScalaJavaCompletionProposalComputer.scala:121)
	at scala.tools.nsc.util.InterruptReq.execute(InterruptReq.scala:26)
	at scala.tools.nsc.interactive.Global$$anonfun$pollForWork$1.apply$mcV$sp(Global.scala:446)
	at scala.util.control.Breaks.breakable(Breaks.scala:38)
	at scala.tools.nsc.interactive.Global.pollForWork(Global.scala:420)
	at scala.tools.nsc.interactive.PresentationCompilerThread.run(PresentationCompilerThread.scala:22)
2014-07-30 19:47:34,092 ERROR [Worker-2] - System.err - SLF4J: Failed to load class "org.slf4j.impl.StaticLoggerBinder".
2014-07-30 19:47:34,093 ERROR [Worker-2] - System.err - SLF4J: Defaulting to no-operation (NOP) logger implementation
2014-07-30 19:47:34,093 ERROR [Worker-2] - System.err - SLF4J: See http://www.slf4j.org/codes.html#StaticLoggerBinder for further details.
2014-07-30 19:56:39,515 ERROR [Worker-7] - System.err - SLF4J: Failed to load class "org.slf4j.impl.StaticLoggerBinder".
2014-07-30 19:56:39,517 ERROR [Worker-7] - System.err - SLF4J: Defaulting to no-operation (NOP) logger implementation
2014-07-30 19:56:39,517 ERROR [Worker-7] - System.err - SLF4J: See http://www.slf4j.org/codes.html#StaticLoggerBinder for further details.
2014-07-30 20:36:09,453 ERROR [main] - org.scala-ide.sdt.core - org.scala-ide.sdt.core - org.scala-ide.sdt.core - 0 - Error during askOption
java.lang.AssertionError: assertion failed: Expected exactly one type parameter, found 0 [=> Array[<error>]]
	at scala.tools.nsc.Global.assert(Global.scala:240)
	at scala.tools.eclipse.javaelements.ScalaJavaMapper$class.mapType(ScalaJavaMapper.scala:195)
	at scala.tools.eclipse.ScalaPresentationCompiler.mapType(ScalaPresentationCompiler.scala:36)
	at scala.tools.eclipse.javaelements.ScalaStructureBuilder$StructureBuilderTraverser$ValOwner$class.addVal(ScalaStructureBuilder.scala:577)
	at scala.tools.eclipse.javaelements.ScalaStructureBuilder$StructureBuilderTraverser$Builder.addVal(ScalaStructureBuilder.scala:858)
	at scala.tools.eclipse.javaelements.ScalaStructureBuilder$StructureBuilderTraverser$TreeTraverser.traverse(ScalaStructureBuilder.scala:918)
	at scala.tools.eclipse.javaelements.ScalaStructureBuilder$StructureBuilderTraverser$TreeTraverser$$anonfun$traverse$1.apply(ScalaStructureBuilder.scala:937)
	at scala.tools.eclipse.javaelements.ScalaStructureBuilder$StructureBuilderTraverser$TreeTraverser$$anonfun$traverse$1.apply(ScalaStructureBuilder.scala:937)
	at scala.collection.immutable.List.foreach(List.scala:381)
	at scala.tools.eclipse.javaelements.ScalaStructureBuilder$StructureBuilderTraverser$TreeTraverser.traverse(ScalaStructureBuilder.scala:937)
	at scala.tools.eclipse.javaelements.ScalaStructureBuilder$StructureBuilderTraverser$TreeTraverser$$anonfun$traverse$1.apply(ScalaStructureBuilder.scala:937)
	at scala.tools.eclipse.javaelements.ScalaStructureBuilder$StructureBuilderTraverser$TreeTraverser$$anonfun$traverse$1.apply(ScalaStructureBuilder.scala:937)
	at scala.collection.immutable.List.foreach(List.scala:381)
	at scala.tools.eclipse.javaelements.ScalaStructureBuilder$StructureBuilderTraverser$TreeTraverser.traverse(ScalaStructureBuilder.scala:937)
	at scala.tools.eclipse.javaelements.ScalaStructureBuilder$StructureBuilderTraverser$TreeTraverser$$anonfun$traverse$1.apply(ScalaStructureBuilder.scala:937)
	at scala.tools.eclipse.javaelements.ScalaStructureBuilder$StructureBuilderTraverser$TreeTraverser$$anonfun$traverse$1.apply(ScalaStructureBuilder.scala:937)
	at scala.collection.immutable.List.foreach(List.scala:381)
	at scala.tools.eclipse.javaelements.ScalaStructureBuilder$StructureBuilderTraverser$TreeTraverser.traverse(ScalaStructureBuilder.scala:937)
	at scala.tools.eclipse.javaelements.ScalaStructureBuilder$StructureBuilderTraverser.traverse(ScalaStructureBuilder.scala:890)
	at scala.tools.eclipse.javaelements.ScalaCompilationUnit$$anonfun$buildStructure$2$$anonfun$apply$5$$anonfun$apply$1.apply$mcV$sp(ScalaCompilationUnit.scala:89)
	at scala.tools.eclipse.javaelements.ScalaCompilationUnit$$anonfun$buildStructure$2$$anonfun$apply$5$$anonfun$apply$1.apply(ScalaCompilationUnit.scala:88)
	at scala.tools.eclipse.javaelements.ScalaCompilationUnit$$anonfun$buildStructure$2$$anonfun$apply$5$$anonfun$apply$1.apply(ScalaCompilationUnit.scala:88)
	at scala.tools.nsc.util.InterruptReq.execute(InterruptReq.scala:26)
	at scala.tools.nsc.interactive.Global$$anonfun$pollForWork$1.apply$mcV$sp(Global.scala:446)
	at scala.util.control.Breaks.breakable(Breaks.scala:38)
	at scala.tools.nsc.interactive.Global.pollForWork(Global.scala:420)
	at scala.tools.nsc.interactive.PresentationCompilerThread.run(PresentationCompilerThread.scala:22)
2014-07-31 00:23:58,776 ERROR [main] - org.scala-ide.sdt.core - org.scala-ide.sdt.core - org.scala-ide.sdt.core - 0 - Error during askOption
java.lang.AssertionError: assertion failed: Expected exactly one type parameter, found 0 [=> Array[<error>]]
	at scala.tools.nsc.Global.assert(Global.scala:240)
	at scala.tools.eclipse.javaelements.ScalaJavaMapper$class.mapType(ScalaJavaMapper.scala:195)
	at scala.tools.eclipse.ScalaPresentationCompiler.mapType(ScalaPresentationCompiler.scala:36)
	at scala.tools.eclipse.javaelements.ScalaStructureBuilder$StructureBuilderTraverser$ValOwner$class.addVal(ScalaStructureBuilder.scala:577)
	at scala.tools.eclipse.javaelements.ScalaStructureBuilder$StructureBuilderTraverser$Builder.addVal(ScalaStructureBuilder.scala:858)
	at scala.tools.eclipse.javaelements.ScalaStructureBuilder$StructureBuilderTraverser$TreeTraverser.traverse(ScalaStructureBuilder.scala:918)
	at scala.tools.eclipse.javaelements.ScalaStructureBuilder$StructureBuilderTraverser$TreeTraverser$$anonfun$traverse$1.apply(ScalaStructureBuilder.scala:937)
	at scala.tools.eclipse.javaelements.ScalaStructureBuilder$StructureBuilderTraverser$TreeTraverser$$anonfun$traverse$1.apply(ScalaStructureBuilder.scala:937)
	at scala.collection.immutable.List.foreach(List.scala:381)
	at scala.tools.eclipse.javaelements.ScalaStructureBuilder$StructureBuilderTraverser$TreeTraverser.traverse(ScalaStructureBuilder.scala:937)
	at scala.tools.eclipse.javaelements.ScalaStructureBuilder$StructureBuilderTraverser$TreeTraverser$$anonfun$traverse$1.apply(ScalaStructureBuilder.scala:937)
	at scala.tools.eclipse.javaelements.ScalaStructureBuilder$StructureBuilderTraverser$TreeTraverser$$anonfun$traverse$1.apply(ScalaStructureBuilder.scala:937)
	at scala.collection.immutable.List.foreach(List.scala:381)
	at scala.tools.eclipse.javaelements.ScalaStructureBuilder$StructureBuilderTraverser$TreeTraverser.traverse(ScalaStructureBuilder.scala:937)
	at scala.tools.eclipse.javaelements.ScalaStructureBuilder$StructureBuilderTraverser$TreeTraverser$$anonfun$traverse$1.apply(ScalaStructureBuilder.scala:937)
	at scala.tools.eclipse.javaelements.ScalaStructureBuilder$StructureBuilderTraverser$TreeTraverser$$anonfun$traverse$1.apply(ScalaStructureBuilder.scala:937)
	at scala.collection.immutable.List.foreach(List.scala:381)
	at scala.tools.eclipse.javaelements.ScalaStructureBuilder$StructureBuilderTraverser$TreeTraverser.traverse(ScalaStructureBuilder.scala:937)
	at scala.tools.eclipse.javaelements.ScalaStructureBuilder$StructureBuilderTraverser.traverse(ScalaStructureBuilder.scala:890)
	at scala.tools.eclipse.javaelements.ScalaCompilationUnit$$anonfun$buildStructure$2$$anonfun$apply$5$$anonfun$apply$1.apply$mcV$sp(ScalaCompilationUnit.scala:89)
	at scala.tools.eclipse.javaelements.ScalaCompilationUnit$$anonfun$buildStructure$2$$anonfun$apply$5$$anonfun$apply$1.apply(ScalaCompilationUnit.scala:88)
	at scala.tools.eclipse.javaelements.ScalaCompilationUnit$$anonfun$buildStructure$2$$anonfun$apply$5$$anonfun$apply$1.apply(ScalaCompilationUnit.scala:88)
	at scala.tools.nsc.util.InterruptReq.execute(InterruptReq.scala:26)
	at scala.tools.nsc.interactive.Global$$anonfun$pollForWork$1.apply$mcV$sp(Global.scala:446)
	at scala.util.control.Breaks.breakable(Breaks.scala:38)
	at scala.tools.nsc.interactive.Global.pollForWork(Global.scala:420)
	at scala.tools.nsc.interactive.PresentationCompilerThread.run(PresentationCompilerThread.scala:22)
2014-07-31 00:24:03,282 ERROR [main] - org.scala-ide.sdt.core - org.scala-ide.sdt.core - org.scala-ide.sdt.core - 0 - Error during askOption
java.lang.AssertionError: assertion failed: Expected exactly one type parameter, found 0 [=> Array[() => <error>]]
	at scala.tools.nsc.Global.assert(Global.scala:240)
	at scala.tools.eclipse.javaelements.ScalaJavaMapper$class.mapType(ScalaJavaMapper.scala:195)
	at scala.tools.eclipse.ScalaPresentationCompiler.mapType(ScalaPresentationCompiler.scala:36)
	at scala.tools.eclipse.javaelements.ScalaStructureBuilder$StructureBuilderTraverser$ValOwner$class.addVal(ScalaStructureBuilder.scala:577)
	at scala.tools.eclipse.javaelements.ScalaStructureBuilder$StructureBuilderTraverser$Builder.addVal(ScalaStructureBuilder.scala:858)
	at scala.tools.eclipse.javaelements.ScalaStructureBuilder$StructureBuilderTraverser$TreeTraverser.traverse(ScalaStructureBuilder.scala:918)
	at scala.tools.eclipse.javaelements.ScalaStructureBuilder$StructureBuilderTraverser$TreeTraverser$$anonfun$traverse$1.apply(ScalaStructureBuilder.scala:937)
	at scala.tools.eclipse.javaelements.ScalaStructureBuilder$StructureBuilderTraverser$TreeTraverser$$anonfun$traverse$1.apply(ScalaStructureBuilder.scala:937)
	at scala.collection.immutable.List.foreach(List.scala:381)
	at scala.tools.eclipse.javaelements.ScalaStructureBuilder$StructureBuilderTraverser$TreeTraverser.traverse(ScalaStructureBuilder.scala:937)
	at scala.tools.eclipse.javaelements.ScalaStructureBuilder$StructureBuilderTraverser$TreeTraverser$$anonfun$traverse$1.apply(ScalaStructureBuilder.scala:937)
	at scala.tools.eclipse.javaelements.ScalaStructureBuilder$StructureBuilderTraverser$TreeTraverser$$anonfun$traverse$1.apply(ScalaStructureBuilder.scala:937)
	at scala.collection.immutable.List.foreach(List.scala:381)
	at scala.tools.eclipse.javaelements.ScalaStructureBuilder$StructureBuilderTraverser$TreeTraverser.traverse(ScalaStructureBuilder.scala:937)
	at scala.tools.eclipse.javaelements.ScalaStructureBuilder$StructureBuilderTraverser$TreeTraverser$$anonfun$traverse$1.apply(ScalaStructureBuilder.scala:937)
	at scala.tools.eclipse.javaelements.ScalaStructureBuilder$StructureBuilderTraverser$TreeTraverser$$anonfun$traverse$1.apply(ScalaStructureBuilder.scala:937)
	at scala.collection.immutable.List.foreach(List.scala:381)
	at scala.tools.eclipse.javaelements.ScalaStructureBuilder$StructureBuilderTraverser$TreeTraverser.traverse(ScalaStructureBuilder.scala:937)
	at scala.tools.eclipse.javaelements.ScalaStructureBuilder$StructureBuilderTraverser.traverse(ScalaStructureBuilder.scala:890)
	at scala.tools.eclipse.javaelements.ScalaCompilationUnit$$anonfun$buildStructure$2$$anonfun$apply$5$$anonfun$apply$1.apply$mcV$sp(ScalaCompilationUnit.scala:89)
	at scala.tools.eclipse.javaelements.ScalaCompilationUnit$$anonfun$buildStructure$2$$anonfun$apply$5$$anonfun$apply$1.apply(ScalaCompilationUnit.scala:88)
	at scala.tools.eclipse.javaelements.ScalaCompilationUnit$$anonfun$buildStructure$2$$anonfun$apply$5$$anonfun$apply$1.apply(ScalaCompilationUnit.scala:88)
	at scala.tools.nsc.util.InterruptReq.execute(InterruptReq.scala:26)
	at scala.tools.nsc.interactive.Global$$anonfun$pollForWork$1.apply$mcV$sp(Global.scala:446)
	at scala.util.control.Breaks.breakable(Breaks.scala:38)
	at scala.tools.nsc.interactive.Global.pollForWork(Global.scala:420)
	at scala.tools.nsc.interactive.PresentationCompilerThread.run(PresentationCompilerThread.scala:22)
2014-07-31 00:24:06,295 ERROR [main] - org.scala-ide.sdt.core - org.scala-ide.sdt.core - org.scala-ide.sdt.core - 0 - Error during askOption
java.lang.AssertionError: assertion failed: Expected exactly one type parameter, found 0 [=> Array[() => <error>]]
	at scala.tools.nsc.Global.assert(Global.scala:240)
	at scala.tools.eclipse.javaelements.ScalaJavaMapper$class.mapType(ScalaJavaMapper.scala:195)
	at scala.tools.eclipse.ScalaPresentationCompiler.mapType(ScalaPresentationCompiler.scala:36)
	at scala.tools.eclipse.javaelements.ScalaStructureBuilder$StructureBuilderTraverser$ValOwner$class.addVal(ScalaStructureBuilder.scala:577)
	at scala.tools.eclipse.javaelements.ScalaStructureBuilder$StructureBuilderTraverser$Builder.addVal(ScalaStructureBuilder.scala:858)
	at scala.tools.eclipse.javaelements.ScalaStructureBuilder$StructureBuilderTraverser$TreeTraverser.traverse(ScalaStructureBuilder.scala:918)
	at scala.tools.eclipse.javaelements.ScalaStructureBuilder$StructureBuilderTraverser$TreeTraverser$$anonfun$traverse$1.apply(ScalaStructureBuilder.scala:937)
	at scala.tools.eclipse.javaelements.ScalaStructureBuilder$StructureBuilderTraverser$TreeTraverser$$anonfun$traverse$1.apply(ScalaStructureBuilder.scala:937)
	at scala.collection.immutable.List.foreach(List.scala:381)
	at scala.tools.eclipse.javaelements.ScalaStructureBuilder$StructureBuilderTraverser$TreeTraverser.traverse(ScalaStructureBuilder.scala:937)
	at scala.tools.eclipse.javaelements.ScalaStructureBuilder$StructureBuilderTraverser$TreeTraverser$$anonfun$traverse$1.apply(ScalaStructureBuilder.scala:937)
	at scala.tools.eclipse.javaelements.ScalaStructureBuilder$StructureBuilderTraverser$TreeTraverser$$anonfun$traverse$1.apply(ScalaStructureBuilder.scala:937)
	at scala.collection.immutable.List.foreach(List.scala:381)
	at scala.tools.eclipse.javaelements.ScalaStructureBuilder$StructureBuilderTraverser$TreeTraverser.traverse(ScalaStructureBuilder.scala:937)
	at scala.tools.eclipse.javaelements.ScalaStructureBuilder$StructureBuilderTraverser$TreeTraverser$$anonfun$traverse$1.apply(ScalaStructureBuilder.scala:937)
	at scala.tools.eclipse.javaelements.ScalaStructureBuilder$StructureBuilderTraverser$TreeTraverser$$anonfun$traverse$1.apply(ScalaStructureBuilder.scala:937)
	at scala.collection.immutable.List.foreach(List.scala:381)
	at scala.tools.eclipse.javaelements.ScalaStructureBuilder$StructureBuilderTraverser$TreeTraverser.traverse(ScalaStructureBuilder.scala:937)
	at scala.tools.eclipse.javaelements.ScalaStructureBuilder$StructureBuilderTraverser.traverse(ScalaStructureBuilder.scala:890)
	at scala.tools.eclipse.javaelements.ScalaCompilationUnit$$anonfun$buildStructure$2$$anonfun$apply$5$$anonfun$apply$1.apply$mcV$sp(ScalaCompilationUnit.scala:89)
	at scala.tools.eclipse.javaelements.ScalaCompilationUnit$$anonfun$buildStructure$2$$anonfun$apply$5$$anonfun$apply$1.apply(ScalaCompilationUnit.scala:88)
	at scala.tools.eclipse.javaelements.ScalaCompilationUnit$$anonfun$buildStructure$2$$anonfun$apply$5$$anonfun$apply$1.apply(ScalaCompilationUnit.scala:88)
	at scala.tools.nsc.util.InterruptReq.execute(InterruptReq.scala:26)
	at scala.tools.nsc.interactive.Global$$anonfun$pollForWork$1.apply$mcV$sp(Global.scala:446)
	at scala.util.control.Breaks.breakable(Breaks.scala:38)
	at scala.tools.nsc.interactive.Global.pollForWork(Global.scala:420)
	at scala.tools.nsc.interactive.PresentationCompilerThread.run(PresentationCompilerThread.scala:22)
2014-07-31 00:24:08,807 ERROR [main] - org.scala-ide.sdt.core - org.scala-ide.sdt.core - org.scala-ide.sdt.core - 0 - Error during askOption
java.lang.AssertionError: assertion failed: Expected exactly one type parameter, found 0 [=> Array[() => <error>]]
	at scala.tools.nsc.Global.assert(Global.scala:240)
	at scala.tools.eclipse.javaelements.ScalaJavaMapper$class.mapType(ScalaJavaMapper.scala:195)
	at scala.tools.eclipse.ScalaPresentationCompiler.mapType(ScalaPresentationCompiler.scala:36)
	at scala.tools.eclipse.javaelements.ScalaStructureBuilder$StructureBuilderTraverser$ValOwner$class.addVal(ScalaStructureBuilder.scala:577)
	at scala.tools.eclipse.javaelements.ScalaStructureBuilder$StructureBuilderTraverser$Builder.addVal(ScalaStructureBuilder.scala:858)
	at scala.tools.eclipse.javaelements.ScalaStructureBuilder$StructureBuilderTraverser$TreeTraverser.traverse(ScalaStructureBuilder.scala:918)
	at scala.tools.eclipse.javaelements.ScalaStructureBuilder$StructureBuilderTraverser$TreeTraverser$$anonfun$traverse$1.apply(ScalaStructureBuilder.scala:937)
	at scala.tools.eclipse.javaelements.ScalaStructureBuilder$StructureBuilderTraverser$TreeTraverser$$anonfun$traverse$1.apply(ScalaStructureBuilder.scala:937)
	at scala.collection.immutable.List.foreach(List.scala:381)
	at scala.tools.eclipse.javaelements.ScalaStructureBuilder$StructureBuilderTraverser$TreeTraverser.traverse(ScalaStructureBuilder.scala:937)
	at scala.tools.eclipse.javaelements.ScalaStructureBuilder$StructureBuilderTraverser$TreeTraverser$$anonfun$traverse$1.apply(ScalaStructureBuilder.scala:937)
	at scala.tools.eclipse.javaelements.ScalaStructureBuilder$StructureBuilderTraverser$TreeTraverser$$anonfun$traverse$1.apply(ScalaStructureBuilder.scala:937)
	at scala.collection.immutable.List.foreach(List.scala:381)
	at scala.tools.eclipse.javaelements.ScalaStructureBuilder$StructureBuilderTraverser$TreeTraverser.traverse(ScalaStructureBuilder.scala:937)
	at scala.tools.eclipse.javaelements.ScalaStructureBuilder$StructureBuilderTraverser$TreeTraverser$$anonfun$traverse$1.apply(ScalaStructureBuilder.scala:937)
	at scala.tools.eclipse.javaelements.ScalaStructureBuilder$StructureBuilderTraverser$TreeTraverser$$anonfun$traverse$1.apply(ScalaStructureBuilder.scala:937)
	at scala.collection.immutable.List.foreach(List.scala:381)
	at scala.tools.eclipse.javaelements.ScalaStructureBuilder$StructureBuilderTraverser$TreeTraverser.traverse(ScalaStructureBuilder.scala:937)
	at scala.tools.eclipse.javaelements.ScalaStructureBuilder$StructureBuilderTraverser.traverse(ScalaStructureBuilder.scala:890)
	at scala.tools.eclipse.javaelements.ScalaCompilationUnit$$anonfun$buildStructure$2$$anonfun$apply$5$$anonfun$apply$1.apply$mcV$sp(ScalaCompilationUnit.scala:89)
	at scala.tools.eclipse.javaelements.ScalaCompilationUnit$$anonfun$buildStructure$2$$anonfun$apply$5$$anonfun$apply$1.apply(ScalaCompilationUnit.scala:88)
	at scala.tools.eclipse.javaelements.ScalaCompilationUnit$$anonfun$buildStructure$2$$anonfun$apply$5$$anonfun$apply$1.apply(ScalaCompilationUnit.scala:88)
	at scala.tools.nsc.util.InterruptReq.execute(InterruptReq.scala:26)
	at scala.tools.nsc.interactive.Global$$anonfun$pollForWork$1.apply$mcV$sp(Global.scala:446)
	at scala.util.control.Breaks.breakable(Breaks.scala:38)
	at scala.tools.nsc.interactive.Global.pollForWork(Global.scala:420)
	at scala.tools.nsc.interactive.PresentationCompilerThread.run(PresentationCompilerThread.scala:22)
2014-07-31 08:40:43,642 ERROR [Worker-0] - System.err - SLF4J: Failed to load class "org.slf4j.impl.StaticLoggerBinder".
2014-07-31 08:40:43,671 ERROR [Worker-0] - System.err - SLF4J: Defaulting to no-operation (NOP) logger implementation
2014-07-31 08:40:43,671 ERROR [Worker-0] - System.err - SLF4J: See http://www.slf4j.org/codes.html#StaticLoggerBinder for further details.
2014-08-03 13:03:05,555  WARN [ModalContext] - ImplicitHighlightingPresenter - Timeout while waiting for `askLoadedTyped` during implicit highlighting.
2014-08-03 13:03:12,772  WARN [main] - ImplicitHighlightingPresenter - Timeout while waiting for `askLoadedTyped` during implicit highlighting.
2014-08-03 13:04:24,224 ERROR [ModalContext] - System.err - Unable to construct FQN from 'java.com.pommert.jedidiah.bouncecraft'
2014-08-03 15:10:23,565 ERROR [main] - org.scala-ide.sdt.core - org.scala-ide.sdt.core - org.scala-ide.sdt.core - 0 - Error during askOption
scala.reflect.internal.MissingRequirementError: class com.pommert.jedidiah.bouncecraft2.fmp.logic.BCPartLogic.Index[] in compiler mirror not found.
	at scala.reflect.internal.MissingRequirementError$.signal(MissingRequirementError.scala:17)
	at scala.reflect.internal.MissingRequirementError$.notFound(MissingRequirementError.scala:18)
	at scala.reflect.internal.Mirrors$RootsBase.getModuleOrClass(Mirrors.scala:53)
	at scala.reflect.internal.Mirrors$RootsBase.getModuleOrClass(Mirrors.scala:66)
	at scala.reflect.internal.Mirrors$RootsBase.getClassByName(Mirrors.scala:102)
	at scala.tools.eclipse.completion.ScalaJavaCompletionProposalComputer$$anonfun$1$$anonfun$apply$1.apply(ScalaJavaCompletionProposalComputer.scala:122)
	at scala.tools.eclipse.completion.ScalaJavaCompletionProposalComputer$$anonfun$1$$anonfun$apply$1.apply(ScalaJavaCompletionProposalComputer.scala:121)
	at scala.tools.nsc.util.InterruptReq.execute(InterruptReq.scala:26)
	at scala.tools.nsc.interactive.Global$$anonfun$pollForWork$1.apply$mcV$sp(Global.scala:446)
	at scala.util.control.Breaks.breakable(Breaks.scala:38)
	at scala.tools.nsc.interactive.Global.pollForWork(Global.scala:420)
	at scala.tools.nsc.interactive.PresentationCompilerThread.run(PresentationCompilerThread.scala:22)
2014-08-03 15:12:39,204 ERROR [main] - org.scala-ide.sdt.core - org.scala-ide.sdt.core - org.scala-ide.sdt.core - 0 - Error during askOption
scala.reflect.internal.MissingRequirementError: class int in compiler mirror not found.
	at scala.reflect.internal.MissingRequirementError$.signal(MissingRequirementError.scala:17)
	at scala.reflect.internal.MissingRequirementError$.notFound(MissingRequirementError.scala:18)
	at scala.reflect.internal.Mirrors$RootsBase.getModuleOrClass(Mirrors.scala:53)
	at scala.reflect.internal.Mirrors$RootsBase.getModuleOrClass(Mirrors.scala:66)
	at scala.reflect.internal.Mirrors$RootsBase.getClassByName(Mirrors.scala:102)
	at scala.tools.eclipse.completion.ScalaJavaCompletionProposalComputer$$anonfun$1$$anonfun$apply$1.apply(ScalaJavaCompletionProposalComputer.scala:122)
	at scala.tools.eclipse.completion.ScalaJavaCompletionProposalComputer$$anonfun$1$$anonfun$apply$1.apply(ScalaJavaCompletionProposalComputer.scala:121)
	at scala.tools.nsc.util.InterruptReq.execute(InterruptReq.scala:26)
	at scala.tools.nsc.interactive.Global$$anonfun$pollForWork$1.apply$mcV$sp(Global.scala:446)
	at scala.util.control.Breaks.breakable(Breaks.scala:38)
	at scala.tools.nsc.interactive.Global.pollForWork(Global.scala:420)
	at scala.tools.nsc.interactive.PresentationCompilerThread.run(PresentationCompilerThread.scala:22)
2014-08-03 15:28:47,014 ERROR [Worker-2] - System.err - SLF4J: Failed to load class "org.slf4j.impl.StaticLoggerBinder".
2014-08-03 15:28:47,014 ERROR [Worker-2] - System.err - SLF4J: Defaulting to no-operation (NOP) logger implementation
2014-08-03 15:28:47,014 ERROR [Worker-2] - System.err - SLF4J: See http://www.slf4j.org/codes.html#StaticLoggerBinder for further details.
2014-08-03 16:58:03,689 ERROR [main] - org.scala-ide.sdt.core - org.scala-ide.sdt.core - org.scala-ide.sdt.core - 0 - Error during askOption
scala.reflect.internal.MissingRequirementError: class java.lang.Class<> in compiler mirror not found.
	at scala.reflect.internal.MissingRequirementError$.signal(MissingRequirementError.scala:17)
	at scala.reflect.internal.MissingRequirementError$.notFound(MissingRequirementError.scala:18)
	at scala.reflect.internal.Mirrors$RootsBase.getModuleOrClass(Mirrors.scala:53)
	at scala.reflect.internal.Mirrors$RootsBase.getModuleOrClass(Mirrors.scala:66)
	at scala.reflect.internal.Mirrors$RootsBase.getClassByName(Mirrors.scala:102)
	at scala.tools.eclipse.completion.ScalaJavaCompletionProposalComputer$$anonfun$1$$anonfun$apply$1.apply(ScalaJavaCompletionProposalComputer.scala:122)
	at scala.tools.eclipse.completion.ScalaJavaCompletionProposalComputer$$anonfun$1$$anonfun$apply$1.apply(ScalaJavaCompletionProposalComputer.scala:121)
	at scala.tools.nsc.util.InterruptReq.execute(InterruptReq.scala:26)
	at scala.tools.nsc.interactive.Global$$anonfun$pollForWork$1.apply$mcV$sp(Global.scala:446)
	at scala.util.control.Breaks.breakable(Breaks.scala:38)
	at scala.tools.nsc.interactive.Global.pollForWork(Global.scala:420)
	at scala.tools.nsc.interactive.PresentationCompilerThread.run(PresentationCompilerThread.scala:22)
2014-08-03 17:19:02,487 ERROR [main] - org.scala-ide.sdt.core - org.scala-ide.sdt.core - org.scala-ide.sdt.core - 0 - Error during askOption
scala.reflect.internal.MissingRequirementError: class int in compiler mirror not found.
	at scala.reflect.internal.MissingRequirementError$.signal(MissingRequirementError.scala:17)
	at scala.reflect.internal.MissingRequirementError$.notFound(MissingRequirementError.scala:18)
	at scala.reflect.internal.Mirrors$RootsBase.getModuleOrClass(Mirrors.scala:53)
	at scala.reflect.internal.Mirrors$RootsBase.getModuleOrClass(Mirrors.scala:66)
	at scala.reflect.internal.Mirrors$RootsBase.getClassByName(Mirrors.scala:102)
	at scala.tools.eclipse.completion.ScalaJavaCompletionProposalComputer$$anonfun$1$$anonfun$apply$1.apply(ScalaJavaCompletionProposalComputer.scala:122)
	at scala.tools.eclipse.completion.ScalaJavaCompletionProposalComputer$$anonfun$1$$anonfun$apply$1.apply(ScalaJavaCompletionProposalComputer.scala:121)
	at scala.tools.nsc.util.InterruptReq.execute(InterruptReq.scala:26)
	at scala.tools.nsc.interactive.Global$$anonfun$pollForWork$1.apply$mcV$sp(Global.scala:446)
	at scala.util.control.Breaks.breakable(Breaks.scala:38)
	at scala.tools.nsc.interactive.Global.pollForWork(Global.scala:420)
	at scala.tools.nsc.interactive.PresentationCompilerThread.run(PresentationCompilerThread.scala:22)
2014-08-03 22:57:24,676 ERROR [main] - org.scala-ide.sdt.core - org.scala-ide.sdt.core - org.scala-ide.sdt.core - 0 - Error during askOption
scala.reflect.internal.MissingRequirementError: class char in compiler mirror not found.
	at scala.reflect.internal.MissingRequirementError$.signal(MissingRequirementError.scala:17)
	at scala.reflect.internal.MissingRequirementError$.notFound(MissingRequirementError.scala:18)
	at scala.reflect.internal.Mirrors$RootsBase.getModuleOrClass(Mirrors.scala:53)
	at scala.reflect.internal.Mirrors$RootsBase.getModuleOrClass(Mirrors.scala:66)
	at scala.reflect.internal.Mirrors$RootsBase.getClassByName(Mirrors.scala:102)
	at scala.tools.eclipse.completion.ScalaJavaCompletionProposalComputer$$anonfun$1$$anonfun$apply$1.apply(ScalaJavaCompletionProposalComputer.scala:122)
	at scala.tools.eclipse.completion.ScalaJavaCompletionProposalComputer$$anonfun$1$$anonfun$apply$1.apply(ScalaJavaCompletionProposalComputer.scala:121)
	at scala.tools.nsc.util.InterruptReq.execute(InterruptReq.scala:26)
	at scala.tools.nsc.interactive.Global$$anonfun$pollForWork$1.apply$mcV$sp(Global.scala:446)
	at scala.util.control.Breaks.breakable(Breaks.scala:38)
	at scala.tools.nsc.interactive.Global.pollForWork(Global.scala:420)
	at scala.tools.nsc.interactive.PresentationCompilerThread.run(PresentationCompilerThread.scala:22)
2014-08-03 23:07:03,154 ERROR [main] - org.scala-ide.sdt.core - org.scala-ide.sdt.core - org.scala-ide.sdt.core - 0 - Error during askOption
scala.reflect.internal.MissingRequirementError: class void in compiler mirror not found.
	at scala.reflect.internal.MissingRequirementError$.signal(MissingRequirementError.scala:17)
	at scala.reflect.internal.MissingRequirementError$.notFound(MissingRequirementError.scala:18)
	at scala.reflect.internal.Mirrors$RootsBase.getModuleOrClass(Mirrors.scala:53)
	at scala.reflect.internal.Mirrors$RootsBase.getModuleOrClass(Mirrors.scala:66)
	at scala.reflect.internal.Mirrors$RootsBase.getClassByName(Mirrors.scala:102)
	at scala.tools.eclipse.completion.ScalaJavaCompletionProposalComputer$$anonfun$1$$anonfun$apply$1.apply(ScalaJavaCompletionProposalComputer.scala:122)
	at scala.tools.eclipse.completion.ScalaJavaCompletionProposalComputer$$anonfun$1$$anonfun$apply$1.apply(ScalaJavaCompletionProposalComputer.scala:121)
	at scala.tools.nsc.util.InterruptReq.execute(InterruptReq.scala:26)
	at scala.tools.nsc.interactive.Global$$anonfun$pollForWork$1.apply$mcV$sp(Global.scala:446)
	at scala.util.control.Breaks.breakable(Breaks.scala:38)
	at scala.tools.nsc.interactive.Global.pollForWork(Global.scala:420)
	at scala.tools.nsc.interactive.PresentationCompilerThread.run(PresentationCompilerThread.scala:22)
2014-08-04 00:46:34,418 ERROR [main] - org.scala-ide.sdt.core - org.scala-ide.sdt.core - org.scala-ide.sdt.core - 0 - Java Model Exception: Java Model Status [/Minecraft/src/main/java/com/pommert/jedidiah/bouncecraft2/fmp/logic/BounceBlockPartLogic.scala already exists in target]
2014-08-04 21:41:40,733 ERROR [main] - org.scala-ide.sdt.core - org.scala-ide.sdt.core - org.scala-ide.sdt.core - 0 - Error during askOption
java.lang.AssertionError: assertion failed: Expected exactly one type parameter, found 0 [=> Array[<error>]]
	at scala.tools.nsc.Global.assert(Global.scala:240)
	at scala.tools.eclipse.javaelements.ScalaJavaMapper$class.mapType(ScalaJavaMapper.scala:195)
	at scala.tools.eclipse.ScalaPresentationCompiler.mapType(ScalaPresentationCompiler.scala:36)
	at scala.tools.eclipse.javaelements.ScalaStructureBuilder$StructureBuilderTraverser$ValOwner$class.addVal(ScalaStructureBuilder.scala:577)
	at scala.tools.eclipse.javaelements.ScalaStructureBuilder$StructureBuilderTraverser$Builder.addVal(ScalaStructureBuilder.scala:858)
	at scala.tools.eclipse.javaelements.ScalaStructureBuilder$StructureBuilderTraverser$TreeTraverser.traverse(ScalaStructureBuilder.scala:918)
	at scala.tools.eclipse.javaelements.ScalaStructureBuilder$StructureBuilderTraverser$TreeTraverser$$anonfun$traverse$1.apply(ScalaStructureBuilder.scala:937)
	at scala.tools.eclipse.javaelements.ScalaStructureBuilder$StructureBuilderTraverser$TreeTraverser$$anonfun$traverse$1.apply(ScalaStructureBuilder.scala:937)
	at scala.collection.immutable.List.foreach(List.scala:381)
	at scala.tools.eclipse.javaelements.ScalaStructureBuilder$StructureBuilderTraverser$TreeTraverser.traverse(ScalaStructureBuilder.scala:937)
	at scala.tools.eclipse.javaelements.ScalaStructureBuilder$StructureBuilderTraverser$TreeTraverser$$anonfun$traverse$1.apply(ScalaStructureBuilder.scala:937)
	at scala.tools.eclipse.javaelements.ScalaStructureBuilder$StructureBuilderTraverser$TreeTraverser$$anonfun$traverse$1.apply(ScalaStructureBuilder.scala:937)
	at scala.collection.immutable.List.foreach(List.scala:381)
	at scala.tools.eclipse.javaelements.ScalaStructureBuilder$StructureBuilderTraverser$TreeTraverser.traverse(ScalaStructureBuilder.scala:937)
	at scala.tools.eclipse.javaelements.ScalaStructureBuilder$StructureBuilderTraverser$TreeTraverser$$anonfun$traverse$1.apply(ScalaStructureBuilder.scala:937)
	at scala.tools.eclipse.javaelements.ScalaStructureBuilder$StructureBuilderTraverser$TreeTraverser$$anonfun$traverse$1.apply(ScalaStructureBuilder.scala:937)
	at scala.collection.immutable.List.foreach(List.scala:381)
	at scala.tools.eclipse.javaelements.ScalaStructureBuilder$StructureBuilderTraverser$TreeTraverser.traverse(ScalaStructureBuilder.scala:937)
	at scala.tools.eclipse.javaelements.ScalaStructureBuilder$StructureBuilderTraverser.traverse(ScalaStructureBuilder.scala:890)
	at scala.tools.eclipse.javaelements.ScalaCompilationUnit$$anonfun$buildStructure$2$$anonfun$apply$5$$anonfun$apply$1.apply$mcV$sp(ScalaCompilationUnit.scala:89)
	at scala.tools.eclipse.javaelements.ScalaCompilationUnit$$anonfun$buildStructure$2$$anonfun$apply$5$$anonfun$apply$1.apply(ScalaCompilationUnit.scala:88)
	at scala.tools.eclipse.javaelements.ScalaCompilationUnit$$anonfun$buildStructure$2$$anonfun$apply$5$$anonfun$apply$1.apply(ScalaCompilationUnit.scala:88)
	at scala.tools.nsc.util.InterruptReq.execute(InterruptReq.scala:26)
	at scala.tools.nsc.interactive.Global$$anonfun$pollForWork$1.apply$mcV$sp(Global.scala:446)
	at scala.util.control.Breaks.breakable(Breaks.scala:38)
	at scala.tools.nsc.interactive.Global.pollForWork(Global.scala:420)
	at scala.tools.nsc.interactive.PresentationCompilerThread.run(PresentationCompilerThread.scala:22)
2014-08-04 23:36:10,430 ERROR [Worker-5] - System.err - SLF4J: Failed to load class "org.slf4j.impl.StaticLoggerBinder".
2014-08-04 23:36:10,430 ERROR [Worker-5] - System.err - SLF4J: Defaulting to no-operation (NOP) logger implementation
2014-08-04 23:36:10,430 ERROR [Worker-5] - System.err - SLF4J: See http://www.slf4j.org/codes.html#StaticLoggerBinder for further details.
2014-08-04 23:41:33,600 ERROR [main] - org.scala-ide.sdt.core - org.scala-ide.sdt.core - org.scala-ide.sdt.core - 0 - Error during askOption
java.lang.AssertionError: assertion failed: Expected exactly one type parameter, found 0 [=> Array[<error>]]
	at scala.tools.nsc.Global.assert(Global.scala:240)
	at scala.tools.eclipse.javaelements.ScalaJavaMapper$class.mapType(ScalaJavaMapper.scala:195)
	at scala.tools.eclipse.ScalaPresentationCompiler.mapType(ScalaPresentationCompiler.scala:36)
	at scala.tools.eclipse.javaelements.ScalaStructureBuilder$StructureBuilderTraverser$ValOwner$class.addVal(ScalaStructureBuilder.scala:577)
	at scala.tools.eclipse.javaelements.ScalaStructureBuilder$StructureBuilderTraverser$Builder.addVal(ScalaStructureBuilder.scala:858)
	at scala.tools.eclipse.javaelements.ScalaStructureBuilder$StructureBuilderTraverser$TreeTraverser.traverse(ScalaStructureBuilder.scala:918)
	at scala.tools.eclipse.javaelements.ScalaStructureBuilder$StructureBuilderTraverser$TreeTraverser$$anonfun$traverse$1.apply(ScalaStructureBuilder.scala:937)
	at scala.tools.eclipse.javaelements.ScalaStructureBuilder$StructureBuilderTraverser$TreeTraverser$$anonfun$traverse$1.apply(ScalaStructureBuilder.scala:937)
	at scala.collection.immutable.List.foreach(List.scala:381)
	at scala.tools.eclipse.javaelements.ScalaStructureBuilder$StructureBuilderTraverser$TreeTraverser.traverse(ScalaStructureBuilder.scala:937)
	at scala.tools.eclipse.javaelements.ScalaStructureBuilder$StructureBuilderTraverser$TreeTraverser$$anonfun$traverse$1.apply(ScalaStructureBuilder.scala:937)
	at scala.tools.eclipse.javaelements.ScalaStructureBuilder$StructureBuilderTraverser$TreeTraverser$$anonfun$traverse$1.apply(ScalaStructureBuilder.scala:937)
	at scala.collection.immutable.List.foreach(List.scala:381)
	at scala.tools.eclipse.javaelements.ScalaStructureBuilder$StructureBuilderTraverser$TreeTraverser.traverse(ScalaStructureBuilder.scala:937)
	at scala.tools.eclipse.javaelements.ScalaStructureBuilder$StructureBuilderTraverser$TreeTraverser$$anonfun$traverse$1.apply(ScalaStructureBuilder.scala:937)
	at scala.tools.eclipse.javaelements.ScalaStructureBuilder$StructureBuilderTraverser$TreeTraverser$$anonfun$traverse$1.apply(ScalaStructureBuilder.scala:937)
	at scala.collection.immutable.List.foreach(List.scala:381)
	at scala.tools.eclipse.javaelements.ScalaStructureBuilder$StructureBuilderTraverser$TreeTraverser.traverse(ScalaStructureBuilder.scala:937)
	at scala.tools.eclipse.javaelements.ScalaStructureBuilder$StructureBuilderTraverser.traverse(ScalaStructureBuilder.scala:890)
	at scala.tools.eclipse.javaelements.ScalaCompilationUnit$$anonfun$buildStructure$2$$anonfun$apply$5$$anonfun$apply$1.apply$mcV$sp(ScalaCompilationUnit.scala:89)
	at scala.tools.eclipse.javaelements.ScalaCompilationUnit$$anonfun$buildStructure$2$$anonfun$apply$5$$anonfun$apply$1.apply(ScalaCompilationUnit.scala:88)
	at scala.tools.eclipse.javaelements.ScalaCompilationUnit$$anonfun$buildStructure$2$$anonfun$apply$5$$anonfun$apply$1.apply(ScalaCompilationUnit.scala:88)
	at scala.tools.nsc.util.InterruptReq.execute(InterruptReq.scala:26)
	at scala.tools.nsc.interactive.Global$$anonfun$pollForWork$1.apply$mcV$sp(Global.scala:446)
	at scala.util.control.Breaks.breakable(Breaks.scala:38)
	at scala.tools.nsc.interactive.Global.pollForWork(Global.scala:420)
	at scala.tools.nsc.interactive.PresentationCompilerThread.run(PresentationCompilerThread.scala:22)
2014-08-04 23:41:38,627 ERROR [main] - org.scala-ide.sdt.core - org.scala-ide.sdt.core - org.scala-ide.sdt.core - 0 - Error during askOption
java.lang.AssertionError: assertion failed: Expected exactly one type parameter, found 0 [=> Array[net.minecraft.entity.Entity => <error>]]
	at scala.tools.nsc.Global.assert(Global.scala:240)
	at scala.tools.eclipse.javaelements.ScalaJavaMapper$class.mapType(ScalaJavaMapper.scala:195)
	at scala.tools.eclipse.ScalaPresentationCompiler.mapType(ScalaPresentationCompiler.scala:36)
	at scala.tools.eclipse.javaelements.ScalaStructureBuilder$StructureBuilderTraverser$ValOwner$class.addVal(ScalaStructureBuilder.scala:577)
	at scala.tools.eclipse.javaelements.ScalaStructureBuilder$StructureBuilderTraverser$Builder.addVal(ScalaStructureBuilder.scala:858)
	at scala.tools.eclipse.javaelements.ScalaStructureBuilder$StructureBuilderTraverser$TreeTraverser.traverse(ScalaStructureBuilder.scala:918)
	at scala.tools.eclipse.javaelements.ScalaStructureBuilder$StructureBuilderTraverser$TreeTraverser$$anonfun$traverse$1.apply(ScalaStructureBuilder.scala:937)
	at scala.tools.eclipse.javaelements.ScalaStructureBuilder$StructureBuilderTraverser$TreeTraverser$$anonfun$traverse$1.apply(ScalaStructureBuilder.scala:937)
	at scala.collection.immutable.List.foreach(List.scala:381)
	at scala.tools.eclipse.javaelements.ScalaStructureBuilder$StructureBuilderTraverser$TreeTraverser.traverse(ScalaStructureBuilder.scala:937)
	at scala.tools.eclipse.javaelements.ScalaStructureBuilder$StructureBuilderTraverser$TreeTraverser$$anonfun$traverse$1.apply(ScalaStructureBuilder.scala:937)
	at scala.tools.eclipse.javaelements.ScalaStructureBuilder$StructureBuilderTraverser$TreeTraverser$$anonfun$traverse$1.apply(ScalaStructureBuilder.scala:937)
	at scala.collection.immutable.List.foreach(List.scala:381)
	at scala.tools.eclipse.javaelements.ScalaStructureBuilder$StructureBuilderTraverser$TreeTraverser.traverse(ScalaStructureBuilder.scala:937)
	at scala.tools.eclipse.javaelements.ScalaStructureBuilder$StructureBuilderTraverser$TreeTraverser$$anonfun$traverse$1.apply(ScalaStructureBuilder.scala:937)
	at scala.tools.eclipse.javaelements.ScalaStructureBuilder$StructureBuilderTraverser$TreeTraverser$$anonfun$traverse$1.apply(ScalaStructureBuilder.scala:937)
	at scala.collection.immutable.List.foreach(List.scala:381)
	at scala.tools.eclipse.javaelements.ScalaStructureBuilder$StructureBuilderTraverser$TreeTraverser.traverse(ScalaStructureBuilder.scala:937)
	at scala.tools.eclipse.javaelements.ScalaStructureBuilder$StructureBuilderTraverser.traverse(ScalaStructureBuilder.scala:890)
	at scala.tools.eclipse.javaelements.ScalaCompilationUnit$$anonfun$buildStructure$2$$anonfun$apply$5$$anonfun$apply$1.apply$mcV$sp(ScalaCompilationUnit.scala:89)
	at scala.tools.eclipse.javaelements.ScalaCompilationUnit$$anonfun$buildStructure$2$$anonfun$apply$5$$anonfun$apply$1.apply(ScalaCompilationUnit.scala:88)
	at scala.tools.eclipse.javaelements.ScalaCompilationUnit$$anonfun$buildStructure$2$$anonfun$apply$5$$anonfun$apply$1.apply(ScalaCompilationUnit.scala:88)
	at scala.tools.nsc.util.InterruptReq.execute(InterruptReq.scala:26)
	at scala.tools.nsc.interactive.Global$$anonfun$pollForWork$1.apply$mcV$sp(Global.scala:446)
	at scala.util.control.Breaks.breakable(Breaks.scala:38)
	at scala.tools.nsc.interactive.Global.pollForWork(Global.scala:420)
	at scala.tools.nsc.interactive.PresentationCompilerThread.run(PresentationCompilerThread.scala:22)
2014-08-04 23:46:54,144 ERROR [main] - org.scala-ide.sdt.core - org.scala-ide.sdt.core - org.scala-ide.sdt.core - 0 - Error during askOption
java.lang.AssertionError: assertion failed: Expected exactly one type parameter, found 0 [=> Array[(net.minecraft.entity.Entity, <error>)]]
	at scala.tools.nsc.Global.assert(Global.scala:240)
	at scala.tools.eclipse.javaelements.ScalaJavaMapper$class.mapType(ScalaJavaMapper.scala:195)
	at scala.tools.eclipse.ScalaPresentationCompiler.mapType(ScalaPresentationCompiler.scala:36)
	at scala.tools.eclipse.javaelements.ScalaStructureBuilder$StructureBuilderTraverser$ValOwner$class.addVal(ScalaStructureBuilder.scala:577)
	at scala.tools.eclipse.javaelements.ScalaStructureBuilder$StructureBuilderTraverser$Builder.addVal(ScalaStructureBuilder.scala:858)
	at scala.tools.eclipse.javaelements.ScalaStructureBuilder$StructureBuilderTraverser$TreeTraverser.traverse(ScalaStructureBuilder.scala:918)
	at scala.tools.eclipse.javaelements.ScalaStructureBuilder$StructureBuilderTraverser$TreeTraverser$$anonfun$traverse$1.apply(ScalaStructureBuilder.scala:937)
	at scala.tools.eclipse.javaelements.ScalaStructureBuilder$StructureBuilderTraverser$TreeTraverser$$anonfun$traverse$1.apply(ScalaStructureBuilder.scala:937)
	at scala.collection.immutable.List.foreach(List.scala:381)
	at scala.tools.eclipse.javaelements.ScalaStructureBuilder$StructureBuilderTraverser$TreeTraverser.traverse(ScalaStructureBuilder.scala:937)
	at scala.tools.eclipse.javaelements.ScalaStructureBuilder$StructureBuilderTraverser$TreeTraverser$$anonfun$traverse$1.apply(ScalaStructureBuilder.scala:937)
	at scala.tools.eclipse.javaelements.ScalaStructureBuilder$StructureBuilderTraverser$TreeTraverser$$anonfun$traverse$1.apply(ScalaStructureBuilder.scala:937)
	at scala.collection.immutable.List.foreach(List.scala:381)
	at scala.tools.eclipse.javaelements.ScalaStructureBuilder$StructureBuilderTraverser$TreeTraverser.traverse(ScalaStructureBuilder.scala:937)
	at scala.tools.eclipse.javaelements.ScalaStructureBuilder$StructureBuilderTraverser$TreeTraverser$$anonfun$traverse$1.apply(ScalaStructureBuilder.scala:937)
	at scala.tools.eclipse.javaelements.ScalaStructureBuilder$StructureBuilderTraverser$TreeTraverser$$anonfun$traverse$1.apply(ScalaStructureBuilder.scala:937)
	at scala.collection.immutable.List.foreach(List.scala:381)
	at scala.tools.eclipse.javaelements.ScalaStructureBuilder$StructureBuilderTraverser$TreeTraverser.traverse(ScalaStructureBuilder.scala:937)
	at scala.tools.eclipse.javaelements.ScalaStructureBuilder$StructureBuilderTraverser.traverse(ScalaStructureBuilder.scala:890)
	at scala.tools.eclipse.javaelements.ScalaCompilationUnit$$anonfun$buildStructure$2$$anonfun$apply$5$$anonfun$apply$1.apply$mcV$sp(ScalaCompilationUnit.scala:89)
	at scala.tools.eclipse.javaelements.ScalaCompilationUnit$$anonfun$buildStructure$2$$anonfun$apply$5$$anonfun$apply$1.apply(ScalaCompilationUnit.scala:88)
	at scala.tools.eclipse.javaelements.ScalaCompilationUnit$$anonfun$buildStructure$2$$anonfun$apply$5$$anonfun$apply$1.apply(ScalaCompilationUnit.scala:88)
	at scala.tools.nsc.util.InterruptReq.execute(InterruptReq.scala:26)
	at scala.tools.nsc.interactive.Global$$anonfun$pollForWork$1.apply$mcV$sp(Global.scala:446)
	at scala.util.control.Breaks.breakable(Breaks.scala:38)
	at scala.tools.nsc.interactive.Global.pollForWork(Global.scala:420)
	at scala.tools.nsc.interactive.PresentationCompilerThread.run(PresentationCompilerThread.scala:22)
2014-08-04 23:47:00,655 ERROR [main] - org.scala-ide.sdt.core - org.scala-ide.sdt.core - org.scala-ide.sdt.core - 0 - Error during askOption
java.lang.AssertionError: assertion failed: Expected exactly one type parameter, found 0 [=> Array[(net.minecraft.entity.Entity, <error>)]]
	at scala.tools.nsc.Global.assert(Global.scala:240)
	at scala.tools.eclipse.javaelements.ScalaJavaMapper$class.mapType(ScalaJavaMapper.scala:195)
	at scala.tools.eclipse.ScalaPresentationCompiler.mapType(ScalaPresentationCompiler.scala:36)
	at scala.tools.eclipse.javaelements.ScalaStructureBuilder$StructureBuilderTraverser$ValOwner$class.addVal(ScalaStructureBuilder.scala:577)
	at scala.tools.eclipse.javaelements.ScalaStructureBuilder$StructureBuilderTraverser$Builder.addVal(ScalaStructureBuilder.scala:858)
	at scala.tools.eclipse.javaelements.ScalaStructureBuilder$StructureBuilderTraverser$TreeTraverser.traverse(ScalaStructureBuilder.scala:918)
	at scala.tools.eclipse.javaelements.ScalaStructureBuilder$StructureBuilderTraverser$TreeTraverser$$anonfun$traverse$1.apply(ScalaStructureBuilder.scala:937)
	at scala.tools.eclipse.javaelements.ScalaStructureBuilder$StructureBuilderTraverser$TreeTraverser$$anonfun$traverse$1.apply(ScalaStructureBuilder.scala:937)
	at scala.collection.immutable.List.foreach(List.scala:381)
	at scala.tools.eclipse.javaelements.ScalaStructureBuilder$StructureBuilderTraverser$TreeTraverser.traverse(ScalaStructureBuilder.scala:937)
	at scala.tools.eclipse.javaelements.ScalaStructureBuilder$StructureBuilderTraverser$TreeTraverser$$anonfun$traverse$1.apply(ScalaStructureBuilder.scala:937)
	at scala.tools.eclipse.javaelements.ScalaStructureBuilder$StructureBuilderTraverser$TreeTraverser$$anonfun$traverse$1.apply(ScalaStructureBuilder.scala:937)
	at scala.collection.immutable.List.foreach(List.scala:381)
	at scala.tools.eclipse.javaelements.ScalaStructureBuilder$StructureBuilderTraverser$TreeTraverser.traverse(ScalaStructureBuilder.scala:937)
	at scala.tools.eclipse.javaelements.ScalaStructureBuilder$StructureBuilderTraverser$TreeTraverser$$anonfun$traverse$1.apply(ScalaStructureBuilder.scala:937)
	at scala.tools.eclipse.javaelements.ScalaStructureBuilder$StructureBuilderTraverser$TreeTraverser$$anonfun$traverse$1.apply(ScalaStructureBuilder.scala:937)
	at scala.collection.immutable.List.foreach(List.scala:381)
	at scala.tools.eclipse.javaelements.ScalaStructureBuilder$StructureBuilderTraverser$TreeTraverser.traverse(ScalaStructureBuilder.scala:937)
	at scala.tools.eclipse.javaelements.ScalaStructureBuilder$StructureBuilderTraverser.traverse(ScalaStructureBuilder.scala:890)
	at scala.tools.eclipse.javaelements.ScalaCompilationUnit$$anonfun$buildStructure$2$$anonfun$apply$5$$anonfun$apply$1.apply$mcV$sp(ScalaCompilationUnit.scala:89)
	at scala.tools.eclipse.javaelements.ScalaCompilationUnit$$anonfun$buildStructure$2$$anonfun$apply$5$$anonfun$apply$1.apply(ScalaCompilationUnit.scala:88)
	at scala.tools.eclipse.javaelements.ScalaCompilationUnit$$anonfun$buildStructure$2$$anonfun$apply$5$$anonfun$apply$1.apply(ScalaCompilationUnit.scala:88)
	at scala.tools.nsc.util.InterruptReq.execute(InterruptReq.scala:26)
	at scala.tools.nsc.interactive.Global$$anonfun$pollForWork$1.apply$mcV$sp(Global.scala:446)
	at scala.util.control.Breaks.breakable(Breaks.scala:38)
	at scala.tools.nsc.interactive.Global.pollForWork(Global.scala:420)
	at scala.tools.nsc.interactive.PresentationCompilerThread.run(PresentationCompilerThread.scala:22)
2014-08-05 00:30:35,085 ERROR [main] - org.scala-ide.sdt.core - org.scala-ide.sdt.core - org.scala-ide.sdt.core - 0 - Java Model Exception: Java Model Status [/Minecraft/src/main/java/com/pommert/jedidiah/bouncecraft2/fmp/logic/LowBounceBlockPartLogic.scala already exists in target]
2014-08-05 13:30:42,112 ERROR [main] - org.scala-ide.sdt.core - org.scala-ide.sdt.core - org.scala-ide.sdt.core - 0 - Java Model Exception: Java Model Status [/Minecraft/src/main/java/com/pommert/jedidiah/bouncecraft2/fmp/logic/MediumBounceBlockPartLogic.scala already exists in target]
2014-08-05 13:40:18,855 ERROR [Worker-10] - System.err - SLF4J: Failed to load class "org.slf4j.impl.StaticLoggerBinder".
2014-08-05 13:40:18,855 ERROR [Worker-10] - System.err - SLF4J: Defaulting to no-operation (NOP) logger implementation
2014-08-05 13:40:18,855 ERROR [Worker-10] - System.err - SLF4J: See http://www.slf4j.org/codes.html#StaticLoggerBinder for further details.
2014-08-05 13:49:09,867 ERROR [main] - org.scala-ide.sdt.core - org.scala-ide.sdt.core - org.scala-ide.sdt.core - 0 - AT: RangePosition(scala/Predef.scala, 3436, 3443, 20757)
scala.reflect.internal.FatalError: No synthetics for method ArrowAssoc: synthetics contains 
	at scala.reflect.internal.Reporting$class.abort(Reporting.scala:59)
	at scala.reflect.internal.SymbolTable.abort(SymbolTable.scala:16)
	at scala.tools.nsc.typechecker.MethodSynthesis$MethodSynth$class.addDerivedTrees(MethodSynthesis.scala:215)
	at scala.tools.nsc.typechecker.Namers$Namer.addDerivedTrees(Namers.scala:53)
	at scala.tools.nsc.typechecker.Typers$Typer$$anonfun$25.apply(Typers.scala:1879)
	at scala.tools.nsc.typechecker.Typers$Typer$$anonfun$25.apply(Typers.scala:1879)
	at scala.tools.nsc.typechecker.Typers$Typer$$anonfun$rewrappingWrapperTrees$1.apply(Typers.scala:1816)
	at scala.tools.nsc.typechecker.Typers$Typer$$anonfun$rewrappingWrapperTrees$1.apply(Typers.scala:1813)
	at scala.collection.immutable.List.flatMap(List.scala:327)
	at scala.tools.nsc.typechecker.Typers$Typer.typedTemplate(Typers.scala:1879)
	at scala.tools.nsc.typechecker.Typers$Typer.typedModuleDef(Typers.scala:1779)
	at scala.tools.nsc.typechecker.Typers$Typer.typedMemberDef$1(Typers.scala:5207)
	at scala.tools.nsc.typechecker.Typers$Typer.typed1(Typers.scala:5256)
	at scala.tools.nsc.typechecker.Typers$Typer.runTyper$1(Typers.scala:5293)
	at scala.tools.nsc.typechecker.Typers$Typer.scala$tools$nsc$typechecker$Typers$Typer$$typedInternal(Typers.scala:5320)
	at scala.tools.nsc.typechecker.Typers$Typer.body$2(Typers.scala:5267)
	at scala.tools.nsc.typechecker.Typers$Typer.typed(Typers.scala:5271)
	at scala.tools.nsc.typechecker.Typers$Typer.typedByValueExpr(Typers.scala:5349)
	at scala.tools.nsc.typechecker.Typers$Typer.scala$tools$nsc$typechecker$Typers$Typer$$typedStat$1(Typers.scala:2985)
	at scala.tools.nsc.typechecker.Typers$Typer$$anonfun$61.apply(Typers.scala:3089)
	at scala.tools.nsc.typechecker.Typers$Typer$$anonfun$61.apply(Typers.scala:3089)
	at scala.collection.immutable.List.loop$1(List.scala:172)
	at scala.collection.immutable.List.mapConserve(List.scala:188)
	at scala.tools.nsc.typechecker.Typers$Typer.typedStats(Typers.scala:3089)
	at scala.tools.nsc.typechecker.Typers$Typer.typedPackageDef$1(Typers.scala:4916)
	at scala.tools.nsc.typechecker.Typers$Typer.typedMemberDef$1(Typers.scala:5209)
	at scala.tools.nsc.typechecker.Typers$Typer.typed1(Typers.scala:5256)
	at scala.tools.nsc.typechecker.Typers$Typer.runTyper$1(Typers.scala:5293)
	at scala.tools.nsc.typechecker.Typers$Typer.scala$tools$nsc$typechecker$Typers$Typer$$typedInternal(Typers.scala:5320)
	at scala.tools.nsc.typechecker.Typers$Typer.body$2(Typers.scala:5267)
	at scala.tools.nsc.typechecker.Typers$Typer.typed(Typers.scala:5271)
	at scala.tools.nsc.typechecker.Typers$Typer.typed(Typers.scala:5345)
	at scala.tools.nsc.typechecker.Analyzer$typerFactory$$anon$3.apply(Analyzer.scala:102)
	at scala.tools.nsc.Global$GlobalPhase.applyPhase(Global.scala:410)
	at scala.tools.nsc.interactive.Global$TyperRun$$anonfun$applyPhase$1.apply(Global.scala:1217)
	at scala.tools.nsc.interactive.Global$TyperRun$$anonfun$applyPhase$1.apply(Global.scala:1217)
	at scala.reflect.internal.SymbolTable.enteringPhase(SymbolTable.scala:235)
	at scala.tools.nsc.interactive.Global$TyperRun.applyPhase(Global.scala:1217)
	at scala.tools.nsc.interactive.Global$TyperRun.typeCheck(Global.scala:1210)
	at scala.tools.nsc.interactive.Global.scala$tools$nsc$interactive$Global$$typeCheck(Global.scala:659)
	at scala.tools.nsc.interactive.Global.scala$tools$nsc$interactive$Global$$typedTreeAt(Global.scala:808)
	at scala.tools.nsc.interactive.Global$$anonfun$getTypedTreeAt$1.apply(Global.scala:831)
	at scala.tools.nsc.interactive.Global$$anonfun$getTypedTreeAt$1.apply(Global.scala:831)
	at scala.tools.nsc.interactive.Global$$anonfun$respond$1.apply(Global.scala:690)
	at scala.tools.nsc.interactive.Global$$anonfun$respond$1.apply(Global.scala:690)
	at scala.tools.nsc.interactive.Global.respondGradually(Global.scala:697)
	at scala.tools.nsc.interactive.Global.respond(Global.scala:690)
	at scala.tools.nsc.interactive.Global.getTypedTreeAt(Global.scala:831)
	at scala.tools.nsc.interactive.CompilerControl$AskTypeAtItem.apply$mcV$sp(CompilerControl.scala:326)
	at scala.tools.nsc.interactive.Global$$anonfun$pollForWork$1.apply$mcV$sp(Global.scala:495)
	at scala.util.control.Breaks.breakable(Breaks.scala:38)
	at scala.tools.nsc.interactive.Global.pollForWork(Global.scala:420)
	at scala.tools.nsc.interactive.PresentationCompilerThread.run(PresentationCompilerThread.scala:22)
2014-08-05 14:48:16,872 ERROR [Scala Presentation Compiler [Minecraft]] - System.err - java.lang.AssertionError: assertion failed: Inconsistent class/module symbol pair for `EntityUtil` loaded from class EntityUtil in package util (from /home/jedidiah/Documents/Minecraft/Modding/Forge/1.7/BounceCraft2/src/main/java/com/pommert/jedidiah/bouncecraft2/util/EntityUtil.java).
clazz = class EntityUtil in package util (from /home/jedidiah/Documents/Minecraft/Modding/Forge/1.7/BounceCraft2/src/main/java/com/pommert/jedidiah/bouncecraft2/util/EntityUtil.java); clazz.companionModule = <none>
module = class EntityUtil in package util (from /home/jedidiah/Documents/Minecraft/Modding/Forge/1.7/BounceCraft2/src/main/java/com/pommert/jedidiah/bouncecraft2/util/EntityUtil.java); module.companionClass = <none>
2014-08-05 14:48:16,872 ERROR [Scala Presentation Compiler [Minecraft]] - System.err - at scala.tools.nsc.symtab.SymbolLoaders.enterClassAndModule(SymbolLoaders.scala:129)
2014-08-05 14:48:16,872 ERROR [Scala Presentation Compiler [Minecraft]] - System.err - at scala.tools.nsc.symtab.SymbolLoaders.enterToplevelsFromSource(SymbolLoaders.scala:141)
2014-08-05 14:48:16,872 ERROR [Scala Presentation Compiler [Minecraft]] - System.err - at scala.tools.nsc.symtab.BrowsingLoaders.enterToplevelsFromSource(BrowsingLoaders.scala:119)
2014-08-05 14:48:16,872 ERROR [Scala Presentation Compiler [Minecraft]] - System.err - at scala.tools.nsc.symtab.SymbolLoaders.initializeFromClassPath(SymbolLoaders.scala:165)
2014-08-05 14:48:16,872 ERROR [Scala Presentation Compiler [Minecraft]] - System.err - at scala.tools.nsc.symtab.SymbolLoaders$PackageLoader$$anonfun$doComplete$2.apply(SymbolLoaders.scala:255)
2014-08-05 14:48:16,872 ERROR [Scala Presentation Compiler [Minecraft]] - System.err - at scala.tools.nsc.symtab.SymbolLoaders$PackageLoader$$anonfun$doComplete$2.apply(SymbolLoaders.scala:254)
2014-08-05 14:48:16,872 ERROR [Scala Presentation Compiler [Minecraft]] - System.err - at scala.collection.Iterator$class.foreach(Iterator.scala:743)
2014-08-05 14:48:16,872 ERROR [Scala Presentation Compiler [Minecraft]] - System.err - at scala.collection.AbstractIterator.foreach(Iterator.scala:1177)
2014-08-05 14:48:16,872 ERROR [Scala Presentation Compiler [Minecraft]] - System.err - at scala.collection.IterableLike$class.foreach(IterableLike.scala:72)
2014-08-05 14:48:16,872 ERROR [Scala Presentation Compiler [Minecraft]] - System.err - at scala.collection.AbstractIterable.foreach(Iterable.scala:54)
2014-08-05 14:48:16,872 ERROR [Scala Presentation Compiler [Minecraft]] - System.err - at scala.tools.nsc.symtab.SymbolLoaders$PackageLoader.doComplete(SymbolLoaders.scala:254)
2014-08-05 14:48:16,872 ERROR [Scala Presentation Compiler [Minecraft]] - System.err - at scala.tools.nsc.symtab.SymbolLoaders$SymbolLoader.complete(SymbolLoaders.scala:211)
2014-08-05 14:48:16,872 ERROR [Scala Presentation Compiler [Minecraft]] - System.err - at scala.tools.nsc.symtab.SymbolLoaders$SymbolLoader.load(SymbolLoaders.scala:227)
2014-08-05 14:48:16,872 ERROR [Scala Presentation Compiler [Minecraft]] - System.err - at scala.reflect.internal.Symbols$Symbol.typeParams(Symbols.scala:1650)
2014-08-05 14:48:16,872 ERROR [Scala Presentation Compiler [Minecraft]] - System.err - at scala.reflect.internal.Types$class.isRawIfWithoutArgs(Types.scala:3753)
2014-08-05 14:48:16,872 ERROR [Scala Presentation Compiler [Minecraft]] - System.err - at scala.reflect.internal.SymbolTable.isRawIfWithoutArgs(SymbolTable.scala:16)
2014-08-05 14:48:16,872 ERROR [Scala Presentation Compiler [Minecraft]] - System.err - at scala.reflect.internal.tpe.TypeMaps$$anon$1.apply(TypeMaps.scala:328)
2014-08-05 14:48:16,872 ERROR [Scala Presentation Compiler [Minecraft]] - System.err - at scala.reflect.internal.tpe.TypeMaps$$anon$1.apply(TypeMaps.scala:325)
2014-08-05 14:48:16,872 ERROR [Scala Presentation Compiler [Minecraft]] - System.err - at scala.reflect.internal.Symbols$Symbol.modifyInfo(Symbols.scala:1457)
2014-08-05 14:48:16,873 ERROR [Scala Presentation Compiler [Minecraft]] - System.err - at scala.reflect.internal.Symbols$Symbol.cookJavaRawInfo(Symbols.scala:1605)
2014-08-05 14:48:16,873 ERROR [Scala Presentation Compiler [Minecraft]] - System.err - at scala.tools.nsc.typechecker.Infer$Inferencer.checkAccessible(Infer.scala:272)
2014-08-05 14:48:16,873 ERROR [Scala Presentation Compiler [Minecraft]] - System.err - at scala.tools.nsc.typechecker.Typers$Typer.scala$tools$nsc$typechecker$Typers$Typer$$makeAccessible(Typers.scala:581)
2014-08-05 14:48:16,873 ERROR [Scala Presentation Compiler [Minecraft]] - System.err - at scala.tools.nsc.typechecker.Typers$Typer$$anonfun$99.apply(Typers.scala:4659)
2014-08-05 14:48:16,873 ERROR [Scala Presentation Compiler [Minecraft]] - System.err - at scala.tools.nsc.typechecker.Typers$Typer$$anonfun$99.apply(Typers.scala:4659)
2014-08-05 14:48:16,873 ERROR [Scala Presentation Compiler [Minecraft]] - System.err - at scala.tools.nsc.typechecker.Typers$Typer.silent(Typers.scala:696)
2014-08-05 14:48:16,873 ERROR [Scala Presentation Compiler [Minecraft]] - System.err - at scala.tools.nsc.typechecker.Typers$Typer.typedSelectInternal$1(Typers.scala:4659)
2014-08-05 14:48:16,873 ERROR [Scala Presentation Compiler [Minecraft]] - System.err - at scala.tools.nsc.typechecker.Typers$Typer.scala$tools$nsc$typechecker$Typers$Typer$$typedSelect$1(Typers.scala:4584)
2014-08-05 14:48:16,873 ERROR [Scala Presentation Compiler [Minecraft]] - System.err - at scala.tools.nsc.typechecker.Typers$Typer.typedSelectOrSuperCall$1(Typers.scala:4723)
2014-08-05 14:48:16,873 ERROR [Scala Presentation Compiler [Minecraft]] - System.err - at scala.tools.nsc.typechecker.Typers$Typer.typedInAnyMode$1(Typers.scala:5241)
2014-08-05 14:48:16,873 ERROR [Scala Presentation Compiler [Minecraft]] - System.err - at scala.tools.nsc.typechecker.Typers$Typer.typed1(Typers.scala:5257)
2014-08-05 14:48:16,873 ERROR [Scala Presentation Compiler [Minecraft]] - System.err - at scala.tools.nsc.typechecker.Typers$Typer.runTyper$1(Typers.scala:5293)
2014-08-05 14:48:16,873 ERROR [Scala Presentation Compiler [Minecraft]] - System.err - at scala.tools.nsc.typechecker.Typers$Typer.scala$tools$nsc$typechecker$Typers$Typer$$typedInternal(Typers.scala:5320)
2014-08-05 14:48:16,873 ERROR [Scala Presentation Compiler [Minecraft]] - System.err - at scala.tools.nsc.typechecker.Typers$Typer.body$2(Typers.scala:5267)
2014-08-05 14:48:16,873 ERROR [Scala Presentation Compiler [Minecraft]] - System.err - at scala.tools.nsc.typechecker.Typers$Typer.typed(Typers.scala:5271)
2014-08-05 14:48:16,873 ERROR [Scala Presentation Compiler [Minecraft]] - System.err - at scala.tools.nsc.typechecker.Typers$Typer.typedQualifier(Typers.scala:5369)
2014-08-05 14:48:16,873 ERROR [Scala Presentation Compiler [Minecraft]] - System.err - at scala.tools.nsc.typechecker.Typers$Typer.typedQualifier(Typers.scala:5377)
2014-08-05 14:48:16,873 ERROR [Scala Presentation Compiler [Minecraft]] - System.err - at scala.tools.nsc.typechecker.Namers$Namer.importSig(Namers.scala:1423)
2014-08-05 14:48:16,873 ERROR [Scala Presentation Compiler [Minecraft]] - System.err - at scala.tools.nsc.typechecker.Namers$Namer.getSig$1(Namers.scala:1536)
2014-08-05 14:48:16,873 ERROR [Scala Presentation Compiler [Minecraft]] - System.err - at scala.tools.nsc.typechecker.Namers$Namer.typeSig(Namers.scala:1539)
2014-08-05 14:48:16,873 ERROR [Scala Presentation Compiler [Minecraft]] - System.err - at scala.tools.nsc.typechecker.Namers$Namer$$anonfun$monoTypeCompleter$1$$anonfun$apply$1.apply$mcV$sp(Namers.scala:778)
2014-08-05 14:48:16,873 ERROR [Scala Presentation Compiler [Minecraft]] - System.err - at scala.tools.nsc.typechecker.Namers$Namer$$anonfun$monoTypeCompleter$1$$anonfun$apply$1.apply(Namers.scala:777)
2014-08-05 14:48:16,873 ERROR [Scala Presentation Compiler [Minecraft]] - System.err - at scala.tools.nsc.typechecker.Namers$Namer$$anonfun$monoTypeCompleter$1$$anonfun$apply$1.apply(Namers.scala:777)
2014-08-05 14:48:16,873 ERROR [Scala Presentation Compiler [Minecraft]] - System.err - at scala.tools.nsc.typechecker.Namers$Namer.scala$tools$nsc$typechecker$Namers$Namer$$logAndValidate(Namers.scala:1566)
2014-08-05 14:48:16,873 ERROR [Scala Presentation Compiler [Minecraft]] - System.err - at scala.tools.nsc.typechecker.Namers$Namer$$anonfun$monoTypeCompleter$1.apply(Namers.scala:777)
2014-08-05 14:48:16,873 ERROR [Scala Presentation Compiler [Minecraft]] - System.err - at scala.tools.nsc.typechecker.Namers$Namer$$anonfun$monoTypeCompleter$1.apply(Namers.scala:769)
2014-08-05 14:48:16,873 ERROR [Scala Presentation Compiler [Minecraft]] - System.err - at scala.tools.nsc.typechecker.Namers$$anon$1.completeImpl(Namers.scala:1681)
2014-08-05 14:48:16,873 ERROR [Scala Presentation Compiler [Minecraft]] - System.err - at scala.tools.nsc.typechecker.Namers$LockingTypeCompleter$class.complete(Namers.scala:1689)
2014-08-05 14:48:16,873 ERROR [Scala Presentation Compiler [Minecraft]] - System.err - at scala.tools.nsc.typechecker.Namers$$anon$1.complete(Namers.scala:1679)
2014-08-05 14:48:16,873 ERROR [Scala Presentation Compiler [Minecraft]] - System.err - at scala.reflect.internal.Symbols$Symbol.info(Symbols.scala:1429)
2014-08-05 14:48:16,873 ERROR [Scala Presentation Compiler [Minecraft]] - System.err - at scala.reflect.internal.Symbols$Symbol.initialize(Symbols.scala:1576)
2014-08-05 14:48:16,873 ERROR [Scala Presentation Compiler [Minecraft]] - System.err - at scala.tools.nsc.typechecker.Typers$Typer.scala$tools$nsc$typechecker$Typers$Typer$$typedStat$1(Typers.scala:2969)
2014-08-05 14:48:16,873 ERROR [Scala Presentation Compiler [Minecraft]] - System.err - at scala.tools.nsc.typechecker.Typers$Typer$$anonfun$61.apply(Typers.scala:3089)
2014-08-05 14:48:16,873 ERROR [Scala Presentation Compiler [Minecraft]] - System.err - at scala.tools.nsc.typechecker.Typers$Typer$$anonfun$61.apply(Typers.scala:3089)
2014-08-05 14:48:16,873 ERROR [Scala Presentation Compiler [Minecraft]] - System.err - at scala.collection.immutable.List.loop$1(List.scala:172)
2014-08-05 14:48:16,873 ERROR [Scala Presentation Compiler [Minecraft]] - System.err - at scala.collection.immutable.List.mapConserve(List.scala:188)
2014-08-05 14:48:16,873 ERROR [Scala Presentation Compiler [Minecraft]] - System.err - at scala.tools.nsc.typechecker.Typers$Typer.typedStats(Typers.scala:3089)
2014-08-05 14:48:16,873 ERROR [Scala Presentation Compiler [Minecraft]] - System.err - at scala.tools.nsc.typechecker.Typers$Typer.typedPackageDef$1(Typers.scala:4916)
2014-08-05 14:48:16,873 ERROR [Scala Presentation Compiler [Minecraft]] - System.err - at scala.tools.nsc.typechecker.Typers$Typer.typedMemberDef$1(Typers.scala:5209)
2014-08-05 14:48:16,873 ERROR [Scala Presentation Compiler [Minecraft]] - System.err - at scala.tools.nsc.typechecker.Typers$Typer.typed1(Typers.scala:5256)
2014-08-05 14:48:16,874 ERROR [Scala Presentation Compiler [Minecraft]] - System.err - at scala.tools.nsc.typechecker.Typers$Typer.runTyper$1(Typers.scala:5293)
2014-08-05 14:48:16,874 ERROR [Scala Presentation Compiler [Minecraft]] - System.err - at scala.tools.nsc.typechecker.Typers$Typer.scala$tools$nsc$typechecker$Typers$Typer$$typedInternal(Typers.scala:5320)
2014-08-05 14:48:16,874 ERROR [Scala Presentation Compiler [Minecraft]] - System.err - at scala.tools.nsc.typechecker.Typers$Typer.body$2(Typers.scala:5267)
2014-08-05 14:48:16,874 ERROR [Scala Presentation Compiler [Minecraft]] - System.err - at scala.tools.nsc.typechecker.Typers$Typer.typed(Typers.scala:5271)
2014-08-05 14:48:16,874 ERROR [Scala Presentation Compiler [Minecraft]] - System.err - at scala.tools.nsc.typechecker.Typers$Typer.typed(Typers.scala:5345)
2014-08-05 14:48:16,874 ERROR [Scala Presentation Compiler [Minecraft]] - System.err - at scala.tools.nsc.typechecker.Analyzer$typerFactory$$anon$3.apply(Analyzer.scala:102)
2014-08-05 14:48:16,874 ERROR [Scala Presentation Compiler [Minecraft]] - System.err - at scala.tools.nsc.Global$GlobalPhase.applyPhase(Global.scala:410)
2014-08-05 14:48:16,874 ERROR [Scala Presentation Compiler [Minecraft]] - System.err - at scala.tools.nsc.interactive.Global$TyperRun$$anonfun$applyPhase$1.apply(Global.scala:1217)
2014-08-05 14:48:16,874 ERROR [Scala Presentation Compiler [Minecraft]] - System.err - at scala.tools.nsc.interactive.Global$TyperRun$$anonfun$applyPhase$1.apply(Global.scala:1217)
2014-08-05 14:48:16,874 ERROR [Scala Presentation Compiler [Minecraft]] - System.err - at scala.reflect.internal.SymbolTable.enteringPhase(SymbolTable.scala:235)
2014-08-05 14:48:16,874 ERROR [Scala Presentation Compiler [Minecraft]] - System.err - at scala.tools.nsc.interactive.Global$TyperRun.applyPhase(Global.scala:1217)
2014-08-05 14:48:16,874 ERROR [Scala Presentation Compiler [Minecraft]] - System.err - at scala.tools.nsc.interactive.Global$TyperRun.typeCheck(Global.scala:1210)
2014-08-05 14:48:16,874 ERROR [Scala Presentation Compiler [Minecraft]] - System.err - at scala.tools.nsc.interactive.Global.scala$tools$nsc$interactive$Global$$typeCheck(Global.scala:659)
2014-08-05 14:48:16,874 ERROR [Scala Presentation Compiler [Minecraft]] - System.err - at scala.tools.nsc.interactive.Global$$anonfun$backgroundCompile$5$$anonfun$apply$8.apply(Global.scala:574)
2014-08-05 14:48:16,874 ERROR [Scala Presentation Compiler [Minecraft]] - System.err - at scala.tools.nsc.interactive.Global$$anonfun$backgroundCompile$5.apply(Global.scala:570)
2014-08-05 14:48:16,874 ERROR [Scala Presentation Compiler [Minecraft]] - System.err - at scala.tools.nsc.interactive.Global$$anonfun$backgroundCompile$5.apply(Global.scala:570)
2014-08-05 14:48:16,874 ERROR [Scala Presentation Compiler [Minecraft]] - System.err - at scala.collection.TraversableLike$WithFilter$$anonfun$foreach$1.apply(TraversableLike.scala:778)
2014-08-05 14:48:16,874 ERROR [Scala Presentation Compiler [Minecraft]] - System.err - at scala.collection.immutable.List.foreach(List.scala:381)
2014-08-05 14:48:16,874 ERROR [Scala Presentation Compiler [Minecraft]] - System.err - at scala.collection.TraversableLike$WithFilter.foreach(TraversableLike.scala:777)
2014-08-05 14:48:16,874 ERROR [Scala Presentation Compiler [Minecraft]] - System.err - at scala.tools.nsc.interactive.Global.backgroundCompile(Global.scala:570)
2014-08-05 14:48:16,874 ERROR [Scala Presentation Compiler [Minecraft]] - System.err - at scala.tools.nsc.interactive.PresentationCompilerThread.run(PresentationCompilerThread.scala:25)
2014-08-05 14:48:16,876 ERROR [main] - ImplicitHighlightingPresenter - java.lang.AssertionError: assertion failed: Inconsistent class/module symbol pair for `EntityUtil` loaded from class EntityUtil in package util (from /home/jedidiah/Documents/Minecraft/Modding/Forge/1.7/BounceCraft2/src/main/java/com/pommert/jedidiah/bouncecraft2/util/EntityUtil.java).
clazz = class EntityUtil in package util (from /home/jedidiah/Documents/Minecraft/Modding/Forge/1.7/BounceCraft2/src/main/java/com/pommert/jedidiah/bouncecraft2/util/EntityUtil.java); clazz.companionModule = <none>
module = class EntityUtil in package util (from /home/jedidiah/Documents/Minecraft/Modding/Forge/1.7/BounceCraft2/src/main/java/com/pommert/jedidiah/bouncecraft2/util/EntityUtil.java); module.companionClass = <none>
2014-08-05 14:49:54,818 ERROR [Scala Presentation Compiler [Minecraft]] - System.err - java.lang.AssertionError: assertion failed: Inconsistent class/module symbol pair for `EntityUtil` loaded from class EntityUtil in package util (from /home/jedidiah/Documents/Minecraft/Modding/Forge/1.7/BounceCraft2/src/main/java/com/pommert/jedidiah/bouncecraft2/util/EntityUtil.java).
clazz = class EntityUtil in package util (from /home/jedidiah/Documents/Minecraft/Modding/Forge/1.7/BounceCraft2/src/main/java/com/pommert/jedidiah/bouncecraft2/util/EntityUtil.java); clazz.companionModule = <none>
module = class EntityUtil in package util (from /home/jedidiah/Documents/Minecraft/Modding/Forge/1.7/BounceCraft2/src/main/java/com/pommert/jedidiah/bouncecraft2/util/EntityUtil.java); module.companionClass = <none>
2014-08-05 14:49:54,818 ERROR [Scala Presentation Compiler [Minecraft]] - System.err - at scala.tools.nsc.symtab.SymbolLoaders.enterClassAndModule(SymbolLoaders.scala:129)
2014-08-05 14:49:54,818 ERROR [Scala Presentation Compiler [Minecraft]] - System.err - at scala.tools.nsc.symtab.SymbolLoaders.enterToplevelsFromSource(SymbolLoaders.scala:141)
2014-08-05 14:49:54,818 ERROR [Scala Presentation Compiler [Minecraft]] - System.err - at scala.tools.nsc.symtab.BrowsingLoaders.enterToplevelsFromSource(BrowsingLoaders.scala:119)
2014-08-05 14:49:54,818 ERROR [Scala Presentation Compiler [Minecraft]] - System.err - at scala.tools.nsc.symtab.SymbolLoaders.initializeFromClassPath(SymbolLoaders.scala:165)
2014-08-05 14:49:54,818 ERROR [Scala Presentation Compiler [Minecraft]] - System.err - at scala.tools.nsc.symtab.SymbolLoaders$PackageLoader$$anonfun$doComplete$2.apply(SymbolLoaders.scala:255)
2014-08-05 14:49:54,818 ERROR [Scala Presentation Compiler [Minecraft]] - System.err - at scala.tools.nsc.symtab.SymbolLoaders$PackageLoader$$anonfun$doComplete$2.apply(SymbolLoaders.scala:254)
2014-08-05 14:49:54,818 ERROR [Scala Presentation Compiler [Minecraft]] - System.err - at scala.collection.Iterator$class.foreach(Iterator.scala:743)
2014-08-05 14:49:54,818 ERROR [Scala Presentation Compiler [Minecraft]] - System.err - at scala.collection.AbstractIterator.foreach(Iterator.scala:1177)
2014-08-05 14:49:54,818 ERROR [Scala Presentation Compiler [Minecraft]] - System.err - at scala.collection.IterableLike$class.foreach(IterableLike.scala:72)
2014-08-05 14:49:54,818 ERROR [Scala Presentation Compiler [Minecraft]] - System.err - at scala.collection.AbstractIterable.foreach(Iterable.scala:54)
2014-08-05 14:49:54,818 ERROR [Scala Presentation Compiler [Minecraft]] - System.err - at scala.tools.nsc.symtab.SymbolLoaders$PackageLoader.doComplete(SymbolLoaders.scala:254)
2014-08-05 14:49:54,818 ERROR [Scala Presentation Compiler [Minecraft]] - System.err - at scala.tools.nsc.symtab.SymbolLoaders$SymbolLoader.complete(SymbolLoaders.scala:211)
2014-08-05 14:49:54,818 ERROR [Scala Presentation Compiler [Minecraft]] - System.err - at scala.tools.nsc.symtab.SymbolLoaders$SymbolLoader.load(SymbolLoaders.scala:227)
2014-08-05 14:49:54,818 ERROR [Scala Presentation Compiler [Minecraft]] - System.err - at scala.reflect.internal.Symbols$Symbol.typeParams(Symbols.scala:1650)
2014-08-05 14:49:54,818 ERROR [Scala Presentation Compiler [Minecraft]] - System.err - at scala.reflect.internal.Types$class.isRawIfWithoutArgs(Types.scala:3753)
2014-08-05 14:49:54,818 ERROR [Scala Presentation Compiler [Minecraft]] - System.err - at scala.reflect.internal.SymbolTable.isRawIfWithoutArgs(SymbolTable.scala:16)
2014-08-05 14:49:54,818 ERROR [Scala Presentation Compiler [Minecraft]] - System.err - at scala.reflect.internal.tpe.TypeMaps$$anon$1.apply(TypeMaps.scala:328)
2014-08-05 14:49:54,818 ERROR [Scala Presentation Compiler [Minecraft]] - System.err - at scala.reflect.internal.tpe.TypeMaps$$anon$1.apply(TypeMaps.scala:325)
2014-08-05 14:49:54,818 ERROR [Scala Presentation Compiler [Minecraft]] - System.err - at scala.reflect.internal.Symbols$Symbol.modifyInfo(Symbols.scala:1457)
2014-08-05 14:49:54,818 ERROR [Scala Presentation Compiler [Minecraft]] - System.err - at scala.reflect.internal.Symbols$Symbol.cookJavaRawInfo(Symbols.scala:1605)
2014-08-05 14:49:54,818 ERROR [Scala Presentation Compiler [Minecraft]] - System.err - at scala.tools.nsc.typechecker.Infer$Inferencer.checkAccessible(Infer.scala:272)
2014-08-05 14:49:54,818 ERROR [Scala Presentation Compiler [Minecraft]] - System.err - at scala.tools.nsc.typechecker.Typers$Typer.scala$tools$nsc$typechecker$Typers$Typer$$makeAccessible(Typers.scala:581)
2014-08-05 14:49:54,818 ERROR [Scala Presentation Compiler [Minecraft]] - System.err - at scala.tools.nsc.typechecker.Typers$Typer$$anonfun$99.apply(Typers.scala:4659)
2014-08-05 14:49:54,818 ERROR [Scala Presentation Compiler [Minecraft]] - System.err - at scala.tools.nsc.typechecker.Typers$Typer$$anonfun$99.apply(Typers.scala:4659)
2014-08-05 14:49:54,818 ERROR [Scala Presentation Compiler [Minecraft]] - System.err - at scala.tools.nsc.typechecker.Typers$Typer.silent(Typers.scala:696)
2014-08-05 14:49:54,818 ERROR [Scala Presentation Compiler [Minecraft]] - System.err - at scala.tools.nsc.typechecker.Typers$Typer.typedSelectInternal$1(Typers.scala:4659)
2014-08-05 14:49:54,818 ERROR [Scala Presentation Compiler [Minecraft]] - System.err - at scala.tools.nsc.typechecker.Typers$Typer.scala$tools$nsc$typechecker$Typers$Typer$$typedSelect$1(Typers.scala:4584)
2014-08-05 14:49:54,818 ERROR [Scala Presentation Compiler [Minecraft]] - System.err - at scala.tools.nsc.typechecker.Typers$Typer.typedSelectOrSuperCall$1(Typers.scala:4723)
2014-08-05 14:49:54,819 ERROR [Scala Presentation Compiler [Minecraft]] - System.err - at scala.tools.nsc.typechecker.Typers$Typer.typedInAnyMode$1(Typers.scala:5241)
2014-08-05 14:49:54,819 ERROR [Scala Presentation Compiler [Minecraft]] - System.err - at scala.tools.nsc.typechecker.Typers$Typer.typed1(Typers.scala:5257)
2014-08-05 14:49:54,819 ERROR [Scala Presentation Compiler [Minecraft]] - System.err - at scala.tools.nsc.typechecker.Typers$Typer.runTyper$1(Typers.scala:5293)
2014-08-05 14:49:54,819 ERROR [Scala Presentation Compiler [Minecraft]] - System.err - at scala.tools.nsc.typechecker.Typers$Typer.scala$tools$nsc$typechecker$Typers$Typer$$typedInternal(Typers.scala:5320)
2014-08-05 14:49:54,819 ERROR [Scala Presentation Compiler [Minecraft]] - System.err - at scala.tools.nsc.typechecker.Typers$Typer.body$2(Typers.scala:5267)
2014-08-05 14:49:54,819 ERROR [Scala Presentation Compiler [Minecraft]] - System.err - at scala.tools.nsc.typechecker.Typers$Typer.typed(Typers.scala:5271)
2014-08-05 14:49:54,819 ERROR [Scala Presentation Compiler [Minecraft]] - System.err - at scala.tools.nsc.typechecker.Typers$Typer.typedQualifier(Typers.scala:5369)
2014-08-05 14:49:54,819 ERROR [Scala Presentation Compiler [Minecraft]] - System.err - at scala.tools.nsc.typechecker.Typers$Typer.typedQualifier(Typers.scala:5377)
2014-08-05 14:49:54,819 ERROR [Scala Presentation Compiler [Minecraft]] - System.err - at scala.tools.nsc.typechecker.Namers$Namer.importSig(Namers.scala:1423)
2014-08-05 14:49:54,819 ERROR [Scala Presentation Compiler [Minecraft]] - System.err - at scala.tools.nsc.typechecker.Namers$Namer.getSig$1(Namers.scala:1536)
2014-08-05 14:49:54,819 ERROR [Scala Presentation Compiler [Minecraft]] - System.err - at scala.tools.nsc.typechecker.Namers$Namer.typeSig(Namers.scala:1539)
2014-08-05 14:49:54,819 ERROR [Scala Presentation Compiler [Minecraft]] - System.err - at scala.tools.nsc.typechecker.Namers$Namer$$anonfun$monoTypeCompleter$1$$anonfun$apply$1.apply$mcV$sp(Namers.scala:778)
2014-08-05 14:49:54,819 ERROR [Scala Presentation Compiler [Minecraft]] - System.err - at scala.tools.nsc.typechecker.Namers$Namer$$anonfun$monoTypeCompleter$1$$anonfun$apply$1.apply(Namers.scala:777)
2014-08-05 14:49:54,819 ERROR [Scala Presentation Compiler [Minecraft]] - System.err - at scala.tools.nsc.typechecker.Namers$Namer$$anonfun$monoTypeCompleter$1$$anonfun$apply$1.apply(Namers.scala:777)
2014-08-05 14:49:54,819 ERROR [Scala Presentation Compiler [Minecraft]] - System.err - at scala.tools.nsc.typechecker.Namers$Namer.scala$tools$nsc$typechecker$Namers$Namer$$logAndValidate(Namers.scala:1566)
2014-08-05 14:49:54,819 ERROR [Scala Presentation Compiler [Minecraft]] - System.err - at scala.tools.nsc.typechecker.Namers$Namer$$anonfun$monoTypeCompleter$1.apply(Namers.scala:777)
2014-08-05 14:49:54,819 ERROR [Scala Presentation Compiler [Minecraft]] - System.err - at scala.tools.nsc.typechecker.Namers$Namer$$anonfun$monoTypeCompleter$1.apply(Namers.scala:769)
2014-08-05 14:49:54,819 ERROR [Scala Presentation Compiler [Minecraft]] - System.err - at scala.tools.nsc.typechecker.Namers$$anon$1.completeImpl(Namers.scala:1681)
2014-08-05 14:49:54,819 ERROR [Scala Presentation Compiler [Minecraft]] - System.err - at scala.tools.nsc.typechecker.Namers$LockingTypeCompleter$class.complete(Namers.scala:1689)
2014-08-05 14:49:54,819 ERROR [Scala Presentation Compiler [Minecraft]] - System.err - at scala.tools.nsc.typechecker.Namers$$anon$1.complete(Namers.scala:1679)
2014-08-05 14:49:54,819 ERROR [Scala Presentation Compiler [Minecraft]] - System.err - at scala.reflect.internal.Symbols$Symbol.info(Symbols.scala:1429)
2014-08-05 14:49:54,819 ERROR [Scala Presentation Compiler [Minecraft]] - System.err - at scala.reflect.internal.Symbols$Symbol.initialize(Symbols.scala:1576)
2014-08-05 14:49:54,819 ERROR [Scala Presentation Compiler [Minecraft]] - System.err - at scala.tools.nsc.typechecker.Typers$Typer.scala$tools$nsc$typechecker$Typers$Typer$$typedStat$1(Typers.scala:2969)
2014-08-05 14:49:54,819 ERROR [Scala Presentation Compiler [Minecraft]] - System.err - at scala.tools.nsc.typechecker.Typers$Typer$$anonfun$61.apply(Typers.scala:3089)
2014-08-05 14:49:54,819 ERROR [Scala Presentation Compiler [Minecraft]] - System.err - at scala.tools.nsc.typechecker.Typers$Typer$$anonfun$61.apply(Typers.scala:3089)
2014-08-05 14:49:54,819 ERROR [Scala Presentation Compiler [Minecraft]] - System.err - at scala.collection.immutable.List.loop$1(List.scala:172)
2014-08-05 14:49:54,819 ERROR [Scala Presentation Compiler [Minecraft]] - System.err - at scala.collection.immutable.List.mapConserve(List.scala:188)
2014-08-05 14:49:54,819 ERROR [Scala Presentation Compiler [Minecraft]] - System.err - at scala.tools.nsc.typechecker.Typers$Typer.typedStats(Typers.scala:3089)
2014-08-05 14:49:54,819 ERROR [Scala Presentation Compiler [Minecraft]] - System.err - at scala.tools.nsc.typechecker.Typers$Typer.typedPackageDef$1(Typers.scala:4916)
2014-08-05 14:49:54,819 ERROR [Scala Presentation Compiler [Minecraft]] - System.err - at scala.tools.nsc.typechecker.Typers$Typer.typedMemberDef$1(Typers.scala:5209)
2014-08-05 14:49:54,819 ERROR [Scala Presentation Compiler [Minecraft]] - System.err - at scala.tools.nsc.typechecker.Typers$Typer.typed1(Typers.scala:5256)
2014-08-05 14:49:54,819 ERROR [Scala Presentation Compiler [Minecraft]] - System.err - at scala.tools.nsc.typechecker.Typers$Typer.runTyper$1(Typers.scala:5293)
2014-08-05 14:49:54,819 ERROR [Scala Presentation Compiler [Minecraft]] - System.err - at scala.tools.nsc.typechecker.Typers$Typer.scala$tools$nsc$typechecker$Typers$Typer$$typedInternal(Typers.scala:5320)
2014-08-05 14:49:54,819 ERROR [Scala Presentation Compiler [Minecraft]] - System.err - at scala.tools.nsc.typechecker.Typers$Typer.body$2(Typers.scala:5267)
2014-08-05 14:49:54,819 ERROR [Scala Presentation Compiler [Minecraft]] - System.err - at scala.tools.nsc.typechecker.Typers$Typer.typed(Typers.scala:5271)
2014-08-05 14:49:54,819 ERROR [Scala Presentation Compiler [Minecraft]] - System.err - at scala.tools.nsc.typechecker.Typers$Typer.typed(Typers.scala:5345)
2014-08-05 14:49:54,820 ERROR [Scala Presentation Compiler [Minecraft]] - System.err - at scala.tools.nsc.typechecker.Analyzer$typerFactory$$anon$3.apply(Analyzer.scala:102)
2014-08-05 14:49:54,820 ERROR [Scala Presentation Compiler [Minecraft]] - System.err - at scala.tools.nsc.Global$GlobalPhase.applyPhase(Global.scala:410)
2014-08-05 14:49:54,820 ERROR [Scala Presentation Compiler [Minecraft]] - System.err - at scala.tools.nsc.interactive.Global$TyperRun$$anonfun$applyPhase$1.apply(Global.scala:1217)
2014-08-05 14:49:54,820 ERROR [Scala Presentation Compiler [Minecraft]] - System.err - at scala.tools.nsc.interactive.Global$TyperRun$$anonfun$applyPhase$1.apply(Global.scala:1217)
2014-08-05 14:49:54,820 ERROR [Scala Presentation Compiler [Minecraft]] - System.err - at scala.reflect.internal.SymbolTable.enteringPhase(SymbolTable.scala:235)
2014-08-05 14:49:54,820 ERROR [Scala Presentation Compiler [Minecraft]] - System.err - at scala.tools.nsc.interactive.Global$TyperRun.applyPhase(Global.scala:1217)
2014-08-05 14:49:54,820 ERROR [Scala Presentation Compiler [Minecraft]] - System.err - at scala.tools.nsc.interactive.Global$TyperRun.typeCheck(Global.scala:1210)
2014-08-05 14:49:54,820 ERROR [Scala Presentation Compiler [Minecraft]] - System.err - at scala.tools.nsc.interactive.Global.scala$tools$nsc$interactive$Global$$typeCheck(Global.scala:659)
2014-08-05 14:49:54,820 ERROR [Scala Presentation Compiler [Minecraft]] - System.err - at scala.tools.nsc.interactive.Global$$anonfun$backgroundCompile$5$$anonfun$apply$8.apply(Global.scala:574)
2014-08-05 14:49:54,820 ERROR [Scala Presentation Compiler [Minecraft]] - System.err - at scala.tools.nsc.interactive.Global$$anonfun$backgroundCompile$5.apply(Global.scala:570)
2014-08-05 14:49:54,820 ERROR [Scala Presentation Compiler [Minecraft]] - System.err - at scala.tools.nsc.interactive.Global$$anonfun$backgroundCompile$5.apply(Global.scala:570)
2014-08-05 14:49:54,820 ERROR [Scala Presentation Compiler [Minecraft]] - System.err - at scala.collection.TraversableLike$WithFilter$$anonfun$foreach$1.apply(TraversableLike.scala:778)
2014-08-05 14:49:54,820 ERROR [Scala Presentation Compiler [Minecraft]] - System.err - at scala.collection.immutable.List.foreach(List.scala:381)
2014-08-05 14:49:54,820 ERROR [Scala Presentation Compiler [Minecraft]] - System.err - at scala.collection.TraversableLike$WithFilter.foreach(TraversableLike.scala:777)
2014-08-05 14:49:54,820 ERROR [Scala Presentation Compiler [Minecraft]] - System.err - at scala.tools.nsc.interactive.Global.backgroundCompile(Global.scala:570)
2014-08-05 14:49:54,820 ERROR [Scala Presentation Compiler [Minecraft]] - System.err - at scala.tools.nsc.interactive.PresentationCompilerThread.run(PresentationCompilerThread.scala:25)
2014-08-05 14:49:54,820 ERROR [main] - ImplicitHighlightingPresenter - java.lang.AssertionError: assertion failed: Inconsistent class/module symbol pair for `EntityUtil` loaded from class EntityUtil in package util (from /home/jedidiah/Documents/Minecraft/Modding/Forge/1.7/BounceCraft2/src/main/java/com/pommert/jedidiah/bouncecraft2/util/EntityUtil.java).
clazz = class EntityUtil in package util (from /home/jedidiah/Documents/Minecraft/Modding/Forge/1.7/BounceCraft2/src/main/java/com/pommert/jedidiah/bouncecraft2/util/EntityUtil.java); clazz.companionModule = <none>
module = class EntityUtil in package util (from /home/jedidiah/Documents/Minecraft/Modding/Forge/1.7/BounceCraft2/src/main/java/com/pommert/jedidiah/bouncecraft2/util/EntityUtil.java); module.companionClass = <none>
2014-08-05 14:53:04,968 ERROR [org.eclipse.jdt.internal.ui.text.JavaReconciler] - ImplicitHighlightingPresenter - java.lang.AssertionError: assertion failed: Inconsistent class/module symbol pair for `EntityUtil` loaded from class EntityUtil in package util (from /home/jedidiah/Documents/Minecraft/Modding/Forge/1.7/BounceCraft2/src/main/java/com/pommert/jedidiah/bouncecraft2/util/EntityUtil.java).
clazz = class EntityUtil in package util (from /home/jedidiah/Documents/Minecraft/Modding/Forge/1.7/BounceCraft2/src/main/java/com/pommert/jedidiah/bouncecraft2/util/EntityUtil.java); clazz.companionModule = <none>
module = class EntityUtil in package util (from /home/jedidiah/Documents/Minecraft/Modding/Forge/1.7/BounceCraft2/src/main/java/com/pommert/jedidiah/bouncecraft2/util/EntityUtil.java); module.companionClass = <none>
2014-08-05 14:53:07,471 ERROR [org.eclipse.jdt.internal.ui.text.JavaReconciler] - ImplicitHighlightingPresenter - java.lang.AssertionError: assertion failed: Inconsistent class/module symbol pair for `EntityUtil` loaded from class EntityUtil in package util (from /home/jedidiah/Documents/Minecraft/Modding/Forge/1.7/BounceCraft2/src/main/java/com/pommert/jedidiah/bouncecraft2/util/EntityUtil.java).
clazz = class EntityUtil in package util (from /home/jedidiah/Documents/Minecraft/Modding/Forge/1.7/BounceCraft2/src/main/java/com/pommert/jedidiah/bouncecraft2/util/EntityUtil.java); clazz.companionModule = <none>
module = class EntityUtil in package util (from /home/jedidiah/Documents/Minecraft/Modding/Forge/1.7/BounceCraft2/src/main/java/com/pommert/jedidiah/bouncecraft2/util/EntityUtil.java); module.companionClass = <none>
2014-08-05 14:53:15,975 ERROR [org.eclipse.jdt.internal.ui.text.JavaReconciler] - ImplicitHighlightingPresenter - java.lang.AssertionError: assertion failed: Inconsistent class/module symbol pair for `EntityUtil` loaded from class EntityUtil in package util (from /home/jedidiah/Documents/Minecraft/Modding/Forge/1.7/BounceCraft2/src/main/java/com/pommert/jedidiah/bouncecraft2/util/EntityUtil.java).
clazz = class EntityUtil in package util (from /home/jedidiah/Documents/Minecraft/Modding/Forge/1.7/BounceCraft2/src/main/java/com/pommert/jedidiah/bouncecraft2/util/EntityUtil.java); clazz.companionModule = <none>
module = class EntityUtil in package util (from /home/jedidiah/Documents/Minecraft/Modding/Forge/1.7/BounceCraft2/src/main/java/com/pommert/jedidiah/bouncecraft2/util/EntityUtil.java); module.companionClass = <none>
2014-08-05 14:53:23,978 ERROR [org.eclipse.jdt.internal.ui.text.JavaReconciler] - ImplicitHighlightingPresenter - java.lang.AssertionError: assertion failed: Inconsistent class/module symbol pair for `EntityUtil` loaded from class EntityUtil in package util (from /home/jedidiah/Documents/Minecraft/Modding/Forge/1.7/BounceCraft2/src/main/java/com/pommert/jedidiah/bouncecraft2/util/EntityUtil.java).
clazz = class EntityUtil in package util (from /home/jedidiah/Documents/Minecraft/Modding/Forge/1.7/BounceCraft2/src/main/java/com/pommert/jedidiah/bouncecraft2/util/EntityUtil.java); clazz.companionModule = <none>
module = class EntityUtil in package util (from /home/jedidiah/Documents/Minecraft/Modding/Forge/1.7/BounceCraft2/src/main/java/com/pommert/jedidiah/bouncecraft2/util/EntityUtil.java); module.companionClass = <none>
2014-08-05 15:20:56,383 ERROR [main] - org.scala-ide.sdt.core - org.scala-ide.sdt.core - org.scala-ide.sdt.core - 0 - Java Model Exception: Java Model Status [/Minecraft/src/main/java/com/pommert/jedidiah/bouncecraft2/fmp/logic/HighBounceBlockPartLogic.scala already exists in target]
